#
# There is insufficient memory for the Java Runtime Environment to continue.
# Native memory allocation (malloc) failed to allocate 963376 bytes for Chunk::new
# Possible reasons:
#   The system is out of physical RAM or swap space
#   In 32 bit mode, the process size limit was hit
# Possible solutions:
#   Reduce memory load on the system
#   Increase physical memory or swap space
#   Check if swap backing store is full
#   Use 64 bit Java on a 64 bit OS
#   Decrease Java heap size (-Xmx/-Xms)
#   Decrease number of Java threads
#   Decrease Java thread stack sizes (-Xss)
#   Set larger code cache with -XX:ReservedCodeCacheSize=
# This output file may be truncated or incomplete.
#
#  Out of Memory Error (allocation.cpp:390), pid=4216, tid=8040
#
# JRE version: Java(TM) SE Runtime Environment (8.0_73-b02) (build 1.8.0_73-b02)
# Java VM: Java HotSpot(TM) 64-Bit Server VM (25.73-b02 mixed mode windows-amd64 compressed oops)
# Failed to write core dump. Minidumps are not enabled by default on client versions of Windows
#

---------------  T H R E A D  ---------------

Current thread (0x0000000056964800):  JavaThread "C2 CompilerThread0" daemon [_thread_in_native, id=8040, stack(0x0000000056eb0000,0x0000000056fb0000)]

Stack: [0x0000000056eb0000,0x0000000056fb0000]
[error occurred during error reporting (printing stack bounds), id 0xc0000005]

Native frames: (J=compiled Java code, j=interpreted, Vv=VM code, C=native code)


Current CompileTask:
C2:   7499 1180       4       com.android.dx.ssa.SCCP::simulateStmt (481 bytes)


---------------  P R O C E S S  ---------------

Java Threads: ( => current thread )
  0x00000000569c3800 JavaThread "Service Thread" daemon [_thread_blocked, id=7712, stack(0x00000000575a0000,0x00000000576a0000)]
  0x000000005696a000 JavaThread "C1 CompilerThread2" daemon [_thread_blocked, id=2828, stack(0x0000000057480000,0x0000000057580000)]
  0x0000000056969800 JavaThread "C2 CompilerThread1" daemon [_thread_in_native, id=1152, stack(0x00000000571d0000,0x00000000572d0000)]
=>0x0000000056964800 JavaThread "C2 CompilerThread0" daemon [_thread_in_native, id=8040, stack(0x0000000056eb0000,0x0000000056fb0000)]
  0x0000000054503800 JavaThread "Attach Listener" daemon [_thread_blocked, id=7304, stack(0x0000000057020000,0x0000000057120000)]
  0x0000000054502000 JavaThread "Signal Dispatcher" daemon [_thread_blocked, id=7880, stack(0x0000000056d70000,0x0000000056e70000)]
  0x00000000544a1800 JavaThread "Finalizer" daemon [_thread_blocked, id=7852, stack(0x00000000565f0000,0x00000000566f0000)]
  0x00000000544a0000 JavaThread "Reference Handler" daemon [_thread_blocked, id=7736, stack(0x0000000056860000,0x0000000056960000)]
  0x0000000001f8f000 JavaThread "main" [_thread_in_native, id=7792, stack(0x0000000002230000,0x0000000002330000)]

Other Threads:
  0x000000005449a800 VMThread [stack: 0x0000000056750000,0x0000000056850000] [id=7908]
  0x00000000569f5800 WatcherThread [stack: 0x0000000057760000,0x0000000057860000] [id=7608]

VM state:not at safepoint (normal execution)

VM Mutex/Monitor currently owned by a thread: None

Heap:
 PSYoungGen      total 36864K, used 27406K [0x00000000eab00000, 0x00000000ed400000, 0x0000000100000000)
  eden space 31744K, 86% used [0x00000000eab00000,0x00000000ec5c39f0,0x00000000eca00000)
  from space 5120K, 0% used [0x00000000ecf00000,0x00000000ecf00000,0x00000000ed400000)
  to   space 5120K, 0% used [0x00000000eca00000,0x00000000eca00000,0x00000000ecf00000)
 ParOldGen       total 84992K, used 0K [0x00000000c0000000, 0x00000000c5300000, 0x00000000eab00000)
  object space 84992K, 0% used [0x00000000c0000000,0x00000000c0000000,0x00000000c5300000)
 Metaspace       used 5669K, capacity 6896K, committed 7040K, reserved 1056768K
  class space    used 560K, capacity 616K, committed 640K, reserved 1048576K

Card table byte_map: [0x00000000119c0000,0x0000000011bd0000] byte_map_base: 0x00000000113c0000

Marking Bits: (ParMarkBitMap*) 0x0000000054f80600
 Begin Bits: [0x0000000012110000, 0x0000000013110000)
 End Bits:   [0x0000000013110000, 0x0000000014110000)

Polling page: 0x00000000000a0000

CodeCache: size=245760Kb used=5019Kb max_used=5019Kb free=240740Kb
 bounds [0x0000000002600000, 0x0000000002af0000, 0x0000000011600000]
 total_blobs=1478 nmethods=1213 adapters=178
 compilation: enabled

Compilation events (10 events):
Event: 7.440 Thread 0x000000005696a000 1222       1       com.android.dx.dex.file.DexFile::getFieldIds (5 bytes)
Event: 7.440 Thread 0x000000005696a000 nmethod 1222 0x0000000002ae8290 code [0x0000000002ae83e0, 0x0000000002ae84f0]
Event: 7.463 Thread 0x000000005696a000 1223       3       com.android.dx.cf.code.OneLocalsArray::getMaxLocals (6 bytes)
Event: 7.464 Thread 0x000000005696a000 nmethod 1223 0x0000000002ae8550 code [0x0000000002ae86a0, 0x0000000002ae87f0]
Event: 7.466 Thread 0x000000005696a000 1224       3       com.android.dx.rop.code.InsnList::contentEquals (54 bytes)
Event: 7.468 Thread 0x000000005696a000 nmethod 1224 0x0000000002ae8890 code [0x0000000002ae8a60, 0x0000000002ae94c8]
Event: 7.468 Thread 0x000000005696a000 1225       3       java.util.Collections::unmodifiableCollection (9 bytes)
Event: 7.469 Thread 0x000000005696a000 nmethod 1225 0x0000000002ae9810 code [0x0000000002ae99a0, 0x0000000002ae9ce8]
Event: 7.471 Thread 0x000000005696a000 1226       3       com.android.dx.dex.file.EncodedMember::<init> (10 bytes)
Event: 7.471 Thread 0x000000005696a000 nmethod 1226 0x0000000002ae9e50 code [0x0000000002ae9fa0, 0x0000000002aea150]

GC Heap History (0 events):
No events

Deoptimization events (7 events):
Event: 5.475 Thread 0x0000000001f8f000 Uncommon trap: reason=class_check action=maybe_recompile pc=0x00000000028dce48 method=com.android.dx.ssa.NormalSsaInsn.accept(Lcom/android/dx/ssa/SsaInsn$Visitor;)V @ 9
Event: 5.475 Thread 0x0000000001f8f000 Uncommon trap: reason=class_check action=maybe_recompile pc=0x000000000287a860 method=com.android.dx.ssa.NormalSsaInsn.accept(Lcom/android/dx/ssa/SsaInsn$Visitor;)V @ 9
Event: 5.475 Thread 0x0000000001f8f000 Uncommon trap: reason=class_check action=maybe_recompile pc=0x000000000287a860 method=com.android.dx.ssa.NormalSsaInsn.accept(Lcom/android/dx/ssa/SsaInsn$Visitor;)V @ 9
Event: 5.475 Thread 0x0000000001f8f000 Uncommon trap: reason=class_check action=maybe_recompile pc=0x000000000287a860 method=com.android.dx.ssa.NormalSsaInsn.accept(Lcom/android/dx/ssa/SsaInsn$Visitor;)V @ 9
Event: 6.087 Thread 0x0000000001f8f000 Uncommon trap: reason=null_check action=make_not_entrant pc=0x00000000028dd610 method=com.android.dx.ssa.SsaRenamer.getLocalForNewReg(I)Lcom/android/dx/rop/code/LocalItem; @ 19
Event: 6.552 Thread 0x0000000001f8f000 Uncommon trap: reason=unstable_if action=reinterpret pc=0x000000000295bd5c method=java.lang.String.<init>([CII)V @ 18
Event: 7.330 Thread 0x0000000001f8f000 Uncommon trap: reason=null_check action=make_not_entrant pc=0x0000000002ab6d18 method=com.android.dx.rop.type.Type.equals(Ljava/lang/Object;)Z @ 8

Internal exceptions (4 events):
Event: 0.263 Thread 0x0000000001f8f000 Exception <a 'java/lang/NoSuchMethodError': Method sun.misc.Unsafe.defineClass(Ljava/lang/String;[BII)Ljava/lang/Class; name or signature does not match> (0x00000000eab0d558) thrown at [D:\re\puppet\workspace\8-2-build-windows-amd64-cygwin\jdk8u73\6086\hotÚy›ÖÐ?
Event: 0.263 Thread 0x0000000001f8f000 Exception <a 'java/lang/NoSuchMethodError': Method sun.misc.Unsafe.prefetchRead(Ljava/lang/Object;J)V name or signature does not match> (0x00000000eab0d840) thrown at [D:\re\puppet\workspace\8-2-build-windows-amd64-cygwin\jdk8u73\6086\hotspot\src\share\vm\hõC¬X@
Event: 6.087 Thread 0x0000000001f8f000 Implicit null exception at 0x00000000028dbce7 to 0x00000000028dd5c5
Event: 7.329 Thread 0x0000000001f8f000 Implicit null exception at 0x0000000002ab6c12 to 0x0000000002ab6d0a

Events (10 events):
Event: 5.476 Thread 0x0000000001f8f000 DEOPT UNPACKING pc=0x000000000264582a sp=0x000000000232e6d0 mode 2
Event: 6.087 Thread 0x0000000001f8f000 Uncommon trap: trap_request=0xfffffff4 fr.pc=0x00000000028dd610
Event: 6.087 Thread 0x0000000001f8f000 DEOPT PACKING pc=0x00000000028dd610 sp=0x000000000232e700
Event: 6.087 Thread 0x0000000001f8f000 DEOPT UNPACKING pc=0x000000000264582a sp=0x000000000232e578 mode 2
Event: 6.552 Thread 0x0000000001f8f000 Uncommon trap: trap_request=0xffffff65 fr.pc=0x000000000295bd5c
Event: 6.552 Thread 0x0000000001f8f000 DEOPT PACKING pc=0x000000000295bd5c sp=0x000000000232e5b0
Event: 6.552 Thread 0x0000000001f8f000 DEOPT UNPACKING pc=0x000000000264582a sp=0x000000000232e4e0 mode 2
Event: 7.329 Thread 0x0000000001f8f000 Uncommon trap: trap_request=0xfffffff4 fr.pc=0x0000000002ab6d18
Event: 7.330 Thread 0x0000000001f8f000 DEOPT PACKING pc=0x0000000002ab6d18 sp=0x000000000232e460
Event: 7.330 Thread 0x0000000001f8f000 DEOPT UNPACKING pc=0x000000000264582a sp=0x000000000232e3e8 mode 2


Dynamic libraries:
0x000000013f8f0000 - 0x000000013f927000 	C:\Program Files\Java\jdk1.8.0_73\bin\java.exe
0x00000000771c0000 - 0x000000007736a000 	C:\Windows\SYSTEM32\ntdll.dll
0x00000000770a0000 - 0x00000000771bf000 	C:\Windows\system32\kernel32.dll
0x000007fefcf60000 - 0x000007fefcfca000 	C:\Windows\system32\KERNELBASE.dll
0x000007fefef40000 - 0x000007feff01b000 	C:\Windows\system32\ADVAPI32.dll
0x000007fefd820000 - 0x000007fefd8bf000 	C:\Windows\system32\msvcrt.dll
0x000007fefd5c0000 - 0x000007fefd5df000 	C:\Windows\SYSTEM32\sechost.dll
0x000007fefe9e0000 - 0x000007fefeb0d000 	C:\Windows\system32\RPCRT4.dll
0x0000000076fa0000 - 0x000000007709a000 	C:\Windows\system32\USER32.dll
0x000007fefeed0000 - 0x000007fefef37000 	C:\Windows\system32\GDI32.dll
0x000007fefd5b0000 - 0x000007fefd5be000 	C:\Windows\system32\LPK.dll
0x000007fefd410000 - 0x000007fefd4da000 	C:\Windows\system32\USP10.dll
0x000007fefb400000 - 0x000007fefb5f4000 	C:\Windows\WinSxS\amd64_microsoft.windows.common-controls_6595b64144ccf1df_6.0.7601.18837_none_fa3b1e3d17594757\COMCTL32.dll
0x000007fefd5f0000 - 0x000007fefd661000 	C:\Windows\system32\SHLWAPI.dll
0x000007fefd4e0000 - 0x000007fefd50e000 	C:\Windows\system32\IMM32.DLL
0x000007fefd300000 - 0x000007fefd409000 	C:\Windows\system32\MSCTF.dll
0x00000000718f0000 - 0x00000000719c2000 	C:\Program Files\Java\jdk1.8.0_73\jre\bin\msvcr100.dll
0x0000000054770000 - 0x0000000055000000 	C:\Program Files\Java\jdk1.8.0_73\jre\bin\server\jvm.dll
0x000007fef8000000 - 0x000007fef8009000 	C:\Windows\system32\WSOCK32.dll
0x000007fefed20000 - 0x000007fefed6d000 	C:\Windows\system32\WS2_32.dll
0x000007fefd5e0000 - 0x000007fefd5e8000 	C:\Windows\system32\NSI.dll
0x000007fefa170000 - 0x000007fefa1ab000 	C:\Windows\system32\WINMM.dll
0x000007fefbfd0000 - 0x000007fefbfdc000 	C:\Windows\system32\VERSION.dll
0x0000000077390000 - 0x0000000077397000 	C:\Windows\system32\PSAPI.DLL
0x0000000071380000 - 0x000000007138f000 	C:\Program Files\Java\jdk1.8.0_73\jre\bin\verify.dll
0x000000006d6d0000 - 0x000000006d6f9000 	C:\Program Files\Java\jdk1.8.0_73\jre\bin\java.dll
0x0000000069860000 - 0x0000000069876000 	C:\Program Files\Java\jdk1.8.0_73\jre\bin\zip.dll
0x000007fefd8c0000 - 0x000007fefe64c000 	C:\Windows\system32\SHELL32.dll
0x000007fefeb10000 - 0x000007fefed13000 	C:\Windows\system32\ole32.dll
0x000007fefcf40000 - 0x000007fefcf4f000 	C:\Windows\system32\profapi.dll

VM Arguments:
jvm_args: -Djava.awt.headless=true -Xmx1024M -Dfile.encoding=UTF-8 -Duser.country=US -Duser.language=en -Duser.variant 
java_command: com.android.dx.command.Main --dex --force-jumbo --multi-dex --output D:\practice\mvp\android-mvp-master\app\build\intermediates\transforms\dex\debug\folders\1000\10\gson-2.7_315fb72355c507dcf699d70eb1d535673de49847 C:\Users\gur38618\.gradle\caches\modules-2\files-2.1\com.google.code.gson\gson\2.7\751f548c85fa49f330cecbb1875893f971b33c4e\gson-2.7.jar
java_class_path (initial): D:\sdk\AndroidStudio\build-tools\21.1.2\lib\dx.jar
Launcher Type: SUN_STANDARD

Environment Variables:
JAVA_HOME=C:\Program Files\Java\jdk1.8.0_73
CLASSPATH=D:\Android\sdk\platforms\android-21;D:\GitProject\BUCKHORN\BuckhornApp\app\src\main\java
PATH=C:\RailsInstaller\Ruby2.1.0\bin;C:\ProgramData\Oracle\Java\javapath;C:\Program Files\Common Files\Microsoft Shared\Microsoft Online Services;C:\Program Files (x86)\Common Files\Microsoft Shared\Microsoft Online Services;C:\Windows\system32;C:\Windows;C:\Windows\System32\Wbem;C:\Windows\System32\WindowsPowerShell\v1.0\;D:\Android\sdk\platform-tools;C:\Program Files\TortoiseGit\bin;D:\sdk\AndroidStudio\platform-tools;C:\RailsInstaller\Ruby2.1.0\bin;C:\Program Files\Java\jdk1.8.0_73;C:\Program Files\Java\jdk1.8.0_73\bin;
USERNAME=GUR38618
OS=Windows_NT
PROCESSOR_IDENTIFIER=Intel64 Family 6 Model 61 Stepping 4, GenuineIntel



---------------  S Y S T E M  ---------------

OS: Windows 7 , 64 bit Build 7601 (6.1.7601.23418)

CPU:total 4 (2 cores per cpu, 2 threads per core) family 6 model 61 stepping 4, cmov, cx8, fxsr, mmx, sse, sse2, sse3, ssse3, sse4.1, sse4.2, popcnt, avx, avx2, aes, clmul, erms, rtm, 3dnowpref, lzcnt, ht, tsc, tscinvbit, bmi1, bmi2, adx

Memory: 4k page, physical 8077556k(1846328k free), swap 8075696k(5108k free)

vm_info: Java HotSpot(TM) 64-Bit Server VM (25.73-b02) for windows-amd64 JRE (1.8.0_73-b02), built on Jan 29 2016 17:38:49 by "java_re" with MS VC++ 10.0 (VS2010)

time: Sat Aug 06 12:06:47 2016
elapsed time: 7 seconds (0d 0h 0m 7s)

