#
# There is insufficient memory for the Java Runtime Environment to continue.
# Native memory allocation (malloc) failed to allocate 32784 bytes for Chunk::new
# Possible reasons:
#   The system is out of physical RAM or swap space
#   In 32 bit mode, the process size limit was hit
# Possible solutions:
#   Reduce memory load on the system
#   Increase physical memory or swap space
#   Check if swap backing store is full
#   Use 64 bit Java on a 64 bit OS
#   Decrease Java heap size (-Xmx/-Xms)
#   Decrease number of Java threads
#   Decrease Java thread stack sizes (-Xss)
#   Set larger code cache with -XX:ReservedCodeCacheSize=
# This output file may be truncated or incomplete.
#
#  Out of Memory Error (allocation.cpp:390), pid=4448, tid=7496
#
# JRE version: Java(TM) SE Runtime Environment (8.0_73-b02) (build 1.8.0_73-b02)
# Java VM: Java HotSpot(TM) 64-Bit Server VM (25.73-b02 mixed mode windows-amd64 compressed oops)
# Failed to write core dump. Minidumps are not enabled by default on client versions of Windows
#

---------------  T H R E A D  ---------------

Current thread (0x00000000545ed000):  JavaThread "C2 CompilerThread1" daemon [_thread_in_native, id=7496, stack(0x0000000056c60000,0x0000000056d60000)]

Stack: [0x0000000056c60000,0x0000000056d60000]
[error occurred during error reporting (printing stack bounds), id 0xc0000005]

Native frames: (J=compiled Java code, j=interpreted, Vv=VM code, C=native code)


Current CompileTask:
C2:   8746 1402   !   4       com.android.dx.rop.code.RegisterSpec::intern (70 bytes)


---------------  P R O C E S S  ---------------

Java Threads: ( => current thread )
  0x0000000057390800 JavaThread "Service Thread" daemon [_thread_blocked, id=7520, stack(0x0000000057820000,0x0000000057920000)]
  0x00000000545ee000 JavaThread "C1 CompilerThread2" daemon [_thread_blocked, id=7824, stack(0x0000000057290000,0x0000000057390000)]
=>0x00000000545ed000 JavaThread "C2 CompilerThread1" daemon [_thread_in_native, id=7496, stack(0x0000000056c60000,0x0000000056d60000)]
  0x00000000545ea800 JavaThread "C2 CompilerThread0" daemon [_thread_in_native, id=7720, stack(0x0000000056fa0000,0x00000000570a0000)]
  0x00000000545e5800 JavaThread "Attach Listener" daemon [_thread_blocked, id=7668, stack(0x0000000056e60000,0x0000000056f60000)]
  0x00000000545e4000 JavaThread "Signal Dispatcher" daemon [_thread_blocked, id=7436, stack(0x0000000056d60000,0x0000000056e60000)]
  0x0000000054581800 JavaThread "Finalizer" daemon [_thread_blocked, id=7636, stack(0x0000000056a70000,0x0000000056b70000)]
  0x0000000054580000 JavaThread "Reference Handler" daemon [_thread_blocked, id=7716, stack(0x00000000567c0000,0x00000000568c0000)]
  0x0000000001ccf000 JavaThread "main" [_thread_in_Java, id=6664, stack(0x0000000002000000,0x0000000002100000)]

Other Threads:
  0x000000005457a800 VMThread [stack: 0x0000000056680000,0x0000000056780000] [id=7892]
  0x000000005742e000 WatcherThread [stack: 0x00000000570c0000,0x00000000571c0000] [id=7536]

VM state:not at safepoint (normal execution)

VM Mutex/Monitor currently owned by a thread: None

Heap:
 PSYoungGen      total 36864K, used 12951K [0x00000000eab00000, 0x00000000ef300000, 0x0000000100000000)
  eden space 31744K, 24% used [0x00000000eab00000,0x00000000eb2accb0,0x00000000eca00000)
  from space 5120K, 99% used [0x00000000eca00000,0x00000000ecef9330,0x00000000ecf00000)
  to   space 5120K, 0% used [0x00000000eee00000,0x00000000eee00000,0x00000000ef300000)
 ParOldGen       total 84992K, used 1373K [0x00000000c0000000, 0x00000000c5300000, 0x00000000eab00000)
  object space 84992K, 1% used [0x00000000c0000000,0x00000000c0157740,0x00000000c5300000)
 Metaspace       used 5831K, capacity 7024K, committed 7296K, reserved 1056768K
  class space    used 564K, capacity 616K, committed 640K, reserved 1048576K

Card table byte_map: [0x0000000011790000,0x00000000119a0000] byte_map_base: 0x0000000011190000

Marking Bits: (ParMarkBitMap*) 0x0000000054f80600
 Begin Bits: [0x00000000121f0000, 0x00000000131f0000)
 End Bits:   [0x00000000131f0000, 0x00000000141f0000)

Polling page: 0x0000000000200000

CodeCache: size=245760Kb used=5924Kb max_used=5924Kb free=239835Kb
 bounds [0x00000000023d0000, 0x00000000029b0000, 0x00000000113d0000]
 total_blobs=1658 nmethods=1393 adapters=178
 compilation: enabled

Compilation events (10 events):
Event: 8.677 Thread 0x00000000545ed000 nmethod 1397 0x0000000002999510 code [0x00000000029996a0, 0x0000000002999d18]
Event: 8.678 Thread 0x00000000545ed000 1395       4       com.android.dx.util.ByteArray$MyInputStream::read (40 bytes)
Event: 8.681 Thread 0x00000000545ed000 nmethod 1395 0x000000000299a350 code [0x000000000299a4a0, 0x000000000299a578]
Event: 8.709 Thread 0x00000000545ee000 1399       3       com.android.dx.cf.code.Merger::mergeLocals (122 bytes)
Event: 8.710 Thread 0x00000000545ed000 1402   !   4       com.android.dx.rop.code.RegisterSpec::intern (70 bytes)
Event: 8.713 Thread 0x00000000545ee000 nmethod 1399 0x000000000299be90 code [0x000000000299c100, 0x000000000299d1c8]
Event: 8.713 Thread 0x00000000545ee000 1400   !   3       com.android.dx.cf.code.Merger::mergeStack (192 bytes)
Event: 8.719 Thread 0x00000000545ee000 nmethod 1400 0x000000000299de10 code [0x000000000299e1a0, 0x00000000029a0118]
Event: 8.719 Thread 0x00000000545ee000 1401       3       com.android.dx.util.IntList::equals (82 bytes)
Event: 8.720 Thread 0x00000000545ee000 nmethod 1401 0x0000000002998bd0 code [0x0000000002998d60, 0x0000000002999310]

GC Heap History (2 events):
Event: 6.044 GC heap before
{Heap before GC invocations=1 (full 0):
 PSYoungGen      total 36864K, used 31744K [0x00000000eab00000, 0x00000000ed400000, 0x0000000100000000)
  eden space 31744K, 100% used [0x00000000eab00000,0x00000000eca00000,0x00000000eca00000)
  from space 5120K, 0% used [0x00000000ecf00000,0x00000000ecf00000,0x00000000ed400000)
  to   space 5120K, 0% used [0x00000000eca00000,0x00000000eca00000,0x00000000ecf00000)
 ParOldGen       total 84992K, used 0K [0x00000000c0000000, 0x00000000c5300000, 0x00000000eab00000)
  object space 84992K, 0% used [0x00000000c0000000,0x00000000c0000000,0x00000000c5300000)
 Metaspace       used 5745K, capacity 6960K, committed 7040K, reserved 1056768K
  class space    used 563K, capacity 616K, committed 640K, reserved 1048576K
Event: 6.791 GC heap after
Heap after GC invocations=1 (full 0):
 PSYoungGen      total 36864K, used 5092K [0x00000000eab00000, 0x00000000ef300000, 0x0000000100000000)
  eden space 31744K, 0% used [0x00000000eab00000,0x00000000eab00000,0x00000000eca00000)
  from space 5120K, 99% used [0x00000000eca00000,0x00000000ecef9330,0x00000000ecf00000)
  to   space 5120K, 0% used [0x00000000eee00000,0x00000000eee00000,0x00000000ef300000)
 ParOldGen       total 84992K, used 1373K [0x00000000c0000000, 0x00000000c5300000, 0x00000000eab00000)
  object space 84992K, 1% used [0x00000000c0000000,0x00000000c0157740,0x00000000c5300000)
 Metaspace       used 5745K, capacity 6960K, committed 7040K, reserved 1056768K
  class space    used 563K, capacity 616K, committed 640K, reserved 1048576K
}

Deoptimization events (10 events):
Event: 5.689 Thread 0x0000000001ccf000 Uncommon trap: reason=class_check action=maybe_recompile pc=0x000000000268eac0 method=com.android.dx.ssa.NormalSsaInsn.accept(Lcom/android/dx/ssa/SsaInsn$Visitor;)V @ 9
Event: 5.689 Thread 0x0000000001ccf000 Uncommon trap: reason=class_check action=maybe_recompile pc=0x000000000268eac0 method=com.android.dx.ssa.NormalSsaInsn.accept(Lcom/android/dx/ssa/SsaInsn$Visitor;)V @ 9
Event: 5.689 Thread 0x0000000001ccf000 Uncommon trap: reason=class_check action=maybe_recompile pc=0x000000000268eac0 method=com.android.dx.ssa.NormalSsaInsn.accept(Lcom/android/dx/ssa/SsaInsn$Visitor;)V @ 9
Event: 5.690 Thread 0x0000000001ccf000 Uncommon trap: reason=class_check action=maybe_recompile pc=0x000000000268eac0 method=com.android.dx.ssa.NormalSsaInsn.accept(Lcom/android/dx/ssa/SsaInsn$Visitor;)V @ 9
Event: 5.690 Thread 0x0000000001ccf000 Uncommon trap: reason=class_check action=maybe_recompile pc=0x00000000026481a0 method=com.android.dx.ssa.NormalSsaInsn.accept(Lcom/android/dx/ssa/SsaInsn$Visitor;)V @ 9
Event: 5.793 Thread 0x0000000001ccf000 Uncommon trap: reason=bimorphic action=maybe_recompile pc=0x0000000002886a7c method=java.util.HashMap.putVal(ILjava/lang/Object;Ljava/lang/Object;ZZ)Ljava/lang/Object; @ 91
Event: 7.559 Thread 0x0000000001ccf000 Uncommon trap: reason=bimorphic action=maybe_recompile pc=0x000000000270b740 method=java.util.HashMap.getNode(ILjava/lang/Object;)Ljava/util/HashMap$Node; @ 126
Event: 7.577 Thread 0x0000000001ccf000 Uncommon trap: reason=unstable_if action=reinterpret pc=0x000000000277c45c method=com.android.dx.rop.code.LocalItem.hashCode()I @ 25
Event: 7.577 Thread 0x0000000001ccf000 Uncommon trap: reason=unstable_if action=reinterpret pc=0x00000000027246cc method=com.android.dx.rop.code.LocalItem.hashCode()I @ 25
Event: 7.626 Thread 0x0000000001ccf000 Uncommon trap: reason=unstable_if action=reinterpret pc=0x0000000002720c94 method=com.android.dx.rop.code.LocalItem.hashCode()I @ 25

Internal exceptions (2 events):
Event: 0.266 Thread 0x0000000001ccf000 Exception <a 'java/lang/NoSuchMethodError': Method sun.misc.Unsafe.defineClass(Ljava/lang/String;[BII)Ljava/lang/Class; name or signature does not match> (0x00000000eab0d708) thrown at [D:\re\puppet\workspace\8-2-build-windows-amd64-cygwin\jdk8u73\6086\hotù.%ÉqÑ?
Event: 0.266 Thread 0x0000000001ccf000 Exception <a 'java/lang/NoSuchMethodError': Method sun.misc.Unsafe.prefetchRead(Ljava/lang/Object;J)V name or signature does not match> (0x00000000eab0d9f0) thrown at [D:\re\puppet\workspace\8-2-build-windows-amd64-cygwin\jdk8u73\6086\hotspot\src\share\vm\

Events (10 events):
Event: 7.566 loading class com/android/dx/cf/attrib/AttLocalVariableTypeTable done
Event: 7.577 Thread 0x0000000001ccf000 Uncommon trap: trap_request=0xffffff65 fr.pc=0x000000000277c45c
Event: 7.577 Thread 0x0000000001ccf000 DEOPT PACKING pc=0x000000000277c45c sp=0x00000000020fe510
Event: 7.577 Thread 0x0000000001ccf000 DEOPT UNPACKING pc=0x000000000241582a sp=0x00000000020fe378 mode 2
Event: 7.577 Thread 0x0000000001ccf000 Uncommon trap: trap_request=0xffffff65 fr.pc=0x00000000027246cc
Event: 7.577 Thread 0x0000000001ccf000 DEOPT PACKING pc=0x00000000027246cc sp=0x00000000020fe580
Event: 7.577 Thread 0x0000000001ccf000 DEOPT UNPACKING pc=0x000000000241582a sp=0x00000000020fe350 mode 2
Event: 7.626 Thread 0x0000000001ccf000 Uncommon trap: trap_request=0xffffff65 fr.pc=0x0000000002720c94
Event: 7.626 Thread 0x0000000001ccf000 DEOPT PACKING pc=0x0000000002720c94 sp=0x00000000020fe140
Event: 7.626 Thread 0x0000000001ccf000 DEOPT UNPACKING pc=0x000000000241582a sp=0x00000000020fe078 mode 2


Dynamic libraries:
0x000000013f8f0000 - 0x000000013f927000 	C:\Program Files\Java\jdk1.8.0_73\bin\java.exe
0x00000000771c0000 - 0x000000007736a000 	C:\Windows\SYSTEM32\ntdll.dll
0x00000000770a0000 - 0x00000000771bf000 	C:\Windows\system32\kernel32.dll
0x000007fefcf60000 - 0x000007fefcfca000 	C:\Windows\system32\KERNELBASE.dll
0x000007fefef40000 - 0x000007feff01b000 	C:\Windows\system32\ADVAPI32.dll
0x000007fefd820000 - 0x000007fefd8bf000 	C:\Windows\system32\msvcrt.dll
0x000007fefd5c0000 - 0x000007fefd5df000 	C:\Windows\SYSTEM32\sechost.dll
0x000007fefe9e0000 - 0x000007fefeb0d000 	C:\Windows\system32\RPCRT4.dll
0x0000000076fa0000 - 0x000000007709a000 	C:\Windows\system32\USER32.dll
0x000007fefeed0000 - 0x000007fefef37000 	C:\Windows\system32\GDI32.dll
0x000007fefd5b0000 - 0x000007fefd5be000 	C:\Windows\system32\LPK.dll
0x000007fefd410000 - 0x000007fefd4da000 	C:\Windows\system32\USP10.dll
0x000007fefb400000 - 0x000007fefb5f4000 	C:\Windows\WinSxS\amd64_microsoft.windows.common-controls_6595b64144ccf1df_6.0.7601.18837_none_fa3b1e3d17594757\COMCTL32.dll
0x000007fefd5f0000 - 0x000007fefd661000 	C:\Windows\system32\SHLWAPI.dll
0x000007fefd4e0000 - 0x000007fefd50e000 	C:\Windows\system32\IMM32.DLL
0x000007fefd300000 - 0x000007fefd409000 	C:\Windows\system32\MSCTF.dll
0x00000000718f0000 - 0x00000000719c2000 	C:\Program Files\Java\jdk1.8.0_73\jre\bin\msvcr100.dll
0x0000000054770000 - 0x0000000055000000 	C:\Program Files\Java\jdk1.8.0_73\jre\bin\server\jvm.dll
0x000007fef8000000 - 0x000007fef8009000 	C:\Windows\system32\WSOCK32.dll
0x000007fefed20000 - 0x000007fefed6d000 	C:\Windows\system32\WS2_32.dll
0x000007fefd5e0000 - 0x000007fefd5e8000 	C:\Windows\system32\NSI.dll
0x000007fefa170000 - 0x000007fefa1ab000 	C:\Windows\system32\WINMM.dll
0x000007fefbfd0000 - 0x000007fefbfdc000 	C:\Windows\system32\VERSION.dll
0x0000000077390000 - 0x0000000077397000 	C:\Windows\system32\PSAPI.DLL
0x0000000071380000 - 0x000000007138f000 	C:\Program Files\Java\jdk1.8.0_73\jre\bin\verify.dll
0x000000006d6d0000 - 0x000000006d6f9000 	C:\Program Files\Java\jdk1.8.0_73\jre\bin\java.dll
0x0000000069860000 - 0x0000000069876000 	C:\Program Files\Java\jdk1.8.0_73\jre\bin\zip.dll
0x000007fefd8c0000 - 0x000007fefe64c000 	C:\Windows\system32\SHELL32.dll
0x000007fefeb10000 - 0x000007fefed13000 	C:\Windows\system32\ole32.dll
0x000007fefcf40000 - 0x000007fefcf4f000 	C:\Windows\system32\profapi.dll

VM Arguments:
jvm_args: -Djava.awt.headless=true -Xmx1024M -Dfile.encoding=UTF-8 -Duser.country=US -Duser.language=en -Duser.variant 
java_command: com.android.dx.command.Main --dex --force-jumbo --multi-dex --output D:\practice\mvp\android-mvp-master\app\build\intermediates\transforms\dex\debug\folders\1000\10\com.android.support-appcompat-v7-22.0.0_9850d57d8928b0b5628c715fbaa9fd3ae023c5c6 D:\practice\mvp\android-mvp-master\app\build\intermediates\exploded-aar\com.android.support\appcompat-v7\22.0.0\jars\classes.jar
java_class_path (initial): D:\sdk\AndroidStudio\build-tools\21.1.2\lib\dx.jar
Launcher Type: SUN_STANDARD

Environment Variables:
JAVA_HOME=C:\Program Files\Java\jdk1.8.0_73
CLASSPATH=D:\Android\sdk\platforms\android-21;D:\GitProject\BUCKHORN\BuckhornApp\app\src\main\java
PATH=C:\RailsInstaller\Ruby2.1.0\bin;C:\ProgramData\Oracle\Java\javapath;C:\Program Files\Common Files\Microsoft Shared\Microsoft Online Services;C:\Program Files (x86)\Common Files\Microsoft Shared\Microsoft Online Services;C:\Windows\system32;C:\Windows;C:\Windows\System32\Wbem;C:\Windows\System32\WindowsPowerShell\v1.0\;D:\Android\sdk\platform-tools;C:\Program Files\TortoiseGit\bin;D:\sdk\AndroidStudio\platform-tools;C:\RailsInstaller\Ruby2.1.0\bin;C:\Program Files\Java\jdk1.8.0_73;C:\Program Files\Java\jdk1.8.0_73\bin;
USERNAME=GUR38618
OS=Windows_NT
PROCESSOR_IDENTIFIER=Intel64 Family 6 Model 61 Stepping 4, GenuineIntel



---------------  S Y S T E M  ---------------

OS: Windows 7 , 64 bit Build 7601 (6.1.7601.23418)

CPU:total 4 (2 cores per cpu, 2 threads per core) family 6 model 61 stepping 4, cmov, cx8, fxsr, mmx, sse, sse2, sse3, ssse3, sse4.1, sse4.2, popcnt, avx, avx2, aes, clmul, erms, rtm, 3dnowpref, lzcnt, ht, tsc, tscinvbit, bmi1, bmi2, adx

Memory: 4k page, physical 8077556k(1846328k free), swap 8075696k(5092k free)

vm_info: Java HotSpot(TM) 64-Bit Server VM (25.73-b02) for windows-amd64 JRE (1.8.0_73-b02), built on Jan 29 2016 17:38:49 by "java_re" with MS VC++ 10.0 (VS2010)

time: Sat Aug 06 12:06:47 2016
elapsed time: 8 seconds (0d 0h 0m 8s)

