#
# There is insufficient memory for the Java Runtime Environment to continue.
# Native memory allocation (malloc) failed to allocate 1866496 bytes for Chunk::new
# Possible reasons:
#   The system is out of physical RAM or swap space
#   In 32 bit mode, the process size limit was hit
# Possible solutions:
#   Reduce memory load on the system
#   Increase physical memory or swap space
#   Check if swap backing store is full
#   Use 64 bit Java on a 64 bit OS
#   Decrease Java heap size (-Xmx/-Xms)
#   Decrease number of Java threads
#   Decrease Java thread stack sizes (-Xss)
#   Set larger code cache with -XX:ReservedCodeCacheSize=
# This output file may be truncated or incomplete.
#
#  Out of Memory Error (allocation.cpp:390), pid=8160, tid=7252
#
# JRE version: Java(TM) SE Runtime Environment (8.0_73-b02) (build 1.8.0_73-b02)
# Java VM: Java HotSpot(TM) 64-Bit Server VM (25.73-b02 mixed mode windows-amd64 compressed oops)
# Failed to write core dump. Minidumps are not enabled by default on client versions of Windows
#

---------------  T H R E A D  ---------------

Current thread (0x0000000056b06000):  JavaThread "C2 CompilerThread1" daemon [_thread_in_native, id=7252, stack(0x00000000571a0000,0x00000000572a0000)]

Stack: [0x00000000571a0000,0x00000000572a0000]
[error occurred during error reporting (printing stack bounds), id 0xc0000005]

Native frames: (J=compiled Java code, j=interpreted, Vv=VM code, C=native code)


Current CompileTask:
C2:   6397  836       4       com.android.dx.ssa.back.LivenessAnalyzer::run (231 bytes)


---------------  P R O C E S S  ---------------

Java Threads: ( => current thread )
  0x0000000056b83000 JavaThread "Service Thread" daemon [_thread_blocked, id=8140, stack(0x0000000057420000,0x0000000057520000)]
  0x0000000056b07000 JavaThread "C1 CompilerThread2" daemon [_thread_in_native, id=6336, stack(0x0000000057310000,0x0000000057410000)]
=>0x0000000056b06000 JavaThread "C2 CompilerThread1" daemon [_thread_in_native, id=7252, stack(0x00000000571a0000,0x00000000572a0000)]
  0x0000000056b04800 JavaThread "C2 CompilerThread0" daemon [_thread_in_native, id=3128, stack(0x0000000057080000,0x0000000057180000)]
  0x00000000544e3800 JavaThread "Attach Listener" daemon [_thread_blocked, id=5848, stack(0x0000000056f20000,0x0000000057020000)]
  0x00000000544e2000 JavaThread "Signal Dispatcher" daemon [_thread_blocked, id=7452, stack(0x0000000056650000,0x0000000056750000)]
  0x0000000054481000 JavaThread "Finalizer" daemon [_thread_blocked, id=8176, stack(0x0000000056a00000,0x0000000056b00000)]
  0x0000000054480000 JavaThread "Reference Handler" daemon [_thread_blocked, id=7232, stack(0x00000000568f0000,0x00000000569f0000)]
  0x00000000005bf000 JavaThread "main" [_thread_in_vm, id=3092, stack(0x0000000002090000,0x0000000002190000)]

Other Threads:
  0x000000005447a800 VMThread [stack: 0x0000000056770000,0x0000000056870000] [id=7420]
  0x0000000056b8a000 WatcherThread [stack: 0x00000000576c0000,0x00000000577c0000] [id=7348]

VM state:not at safepoint (normal execution)

VM Mutex/Monitor currently owned by a thread:  ([mutex/lock_event])
[0x00000000005bdfa0] MethodData_lock - owner thread: 0x0000000000000000

Heap:
 PSYoungGen      total 36864K, used 11117K [0x00000000eab00000, 0x00000000ed400000, 0x0000000100000000)
  eden space 31744K, 18% used [0x00000000eab00000,0x00000000eb0e0ee0,0x00000000eca00000)
  from space 5120K, 99% used [0x00000000eca00000,0x00000000ecefa6d0,0x00000000ecf00000)
  to   space 5120K, 0% used [0x00000000ecf00000,0x00000000ecf00000,0x00000000ed400000)
 ParOldGen       total 84992K, used 6625K [0x00000000c0000000, 0x00000000c5300000, 0x00000000eab00000)
  object space 84992K, 7% used [0x00000000c0000000,0x00000000c0678550,0x00000000c5300000)
 Metaspace       used 5377K, capacity 6832K, committed 7040K, reserved 1056768K
  class space    used 543K, capacity 616K, committed 640K, reserved 1048576K

Card table byte_map: [0x0000000011820000,0x0000000011a30000] byte_map_base: 0x0000000011220000

Marking Bits: (ParMarkBitMap*) 0x0000000054f80600
 Begin Bits: [0x00000000120f0000, 0x00000000130f0000)
 End Bits:   [0x00000000130f0000, 0x00000000140f0000)

Polling page: 0x0000000000100000

CodeCache: size=245760Kb used=4213Kb max_used=4213Kb free=241546Kb
 bounds [0x0000000002460000, 0x0000000002890000, 0x0000000011460000]
 total_blobs=1281 nmethods=1023 adapters=171
 compilation: enabled

Compilation events (10 events):
Event: 6.378 Thread 0x0000000056b07000 nmethod 1041 0x000000000287b6d0 code [0x000000000287b820, 0x000000000287b930]
Event: 6.380 Thread 0x0000000056b07000 1042       2       com.android.dx.cf.direct.DirectClassFile::getConstantPool (9 bytes)
Event: 6.381 Thread 0x0000000056b07000 nmethod 1042 0x000000000287b990 code [0x000000000287bb00, 0x000000000287bc88]
Event: 6.381 Thread 0x0000000056b07000 1043       2       com.android.dx.cf.direct.AttributeListParser::parseIfNecessary (12 bytes)
Event: 6.382 Thread 0x0000000056b07000 nmethod 1043 0x000000000287bd50 code [0x000000000287bec0, 0x000000000287c048]
Event: 6.382 Thread 0x0000000056b07000 1044       1       com.android.dx.cf.direct.MemberListParser::getDefiner (5 bytes)
Event: 6.382 Thread 0x0000000056b07000 nmethod 1044 0x000000000287c0d0 code [0x000000000287c220, 0x000000000287c330]
Event: 6.383 Thread 0x0000000056b07000 1045       1       com.android.dx.cf.attrib.AttConstantValue::byteLength (3 bytes)
Event: 6.383 Thread 0x0000000056b07000 nmethod 1045 0x000000000287c390 code [0x000000000287c4e0, 0x000000000287c5f0]
Event: 6.384 Thread 0x0000000056b07000 1046   !   2       com.android.dx.cf.direct.AttributeFactory::parse (248 bytes)

GC Heap History (2 events):
Event: 5.052 GC heap before
{Heap before GC invocations=1 (full 0):
 PSYoungGen      total 36864K, used 31744K [0x00000000eab00000, 0x00000000ed400000, 0x0000000100000000)
  eden space 31744K, 100% used [0x00000000eab00000,0x00000000eca00000,0x00000000eca00000)
  from space 5120K, 0% used [0x00000000ecf00000,0x00000000ecf00000,0x00000000ed400000)
  to   space 5120K, 0% used [0x00000000eca00000,0x00000000eca00000,0x00000000ecf00000)
 ParOldGen       total 84992K, used 0K [0x00000000c0000000, 0x00000000c5300000, 0x00000000eab00000)
  object space 84992K, 0% used [0x00000000c0000000,0x00000000c0000000,0x00000000c5300000)
 Metaspace       used 5259K, capacity 6704K, committed 6784K, reserved 1056768K
  class space    used 540K, capacity 616K, committed 640K, reserved 1048576K
Event: 5.601 GC heap after
Heap after GC invocations=1 (full 0):
 PSYoungGen      total 36864K, used 5097K [0x00000000eab00000, 0x00000000ed400000, 0x0000000100000000)
  eden space 31744K, 0% used [0x00000000eab00000,0x00000000eab00000,0x00000000eca00000)
  from space 5120K, 99% used [0x00000000eca00000,0x00000000ecefa6d0,0x00000000ecf00000)
  to   space 5120K, 0% used [0x00000000ecf00000,0x00000000ecf00000,0x00000000ed400000)
 ParOldGen       total 84992K, used 6625K [0x00000000c0000000, 0x00000000c5300000, 0x00000000eab00000)
  object space 84992K, 7% used [0x00000000c0000000,0x00000000c0678550,0x00000000c5300000)
 Metaspace       used 5259K, capacity 6704K, committed 6784K, reserved 1056768K
  class space    used 540K, capacity 616K, committed 640K, reserved 1048576K
}

Deoptimization events (10 events):
Event: 5.853 Thread 0x00000000005bf000 Uncommon trap: reason=class_check action=maybe_recompile pc=0x0000000002722390 method=com.android.dx.cf.code.BytecodeArray.parseInstruction(ILcom/android/dx/cf/code/BytecodeArray$Visitor;)I @ 1287
Event: 5.984 Thread 0x00000000005bf000 Uncommon trap: reason=unstable_if action=reinterpret pc=0x000000000277ea38 method=com.android.dx.ssa.SsaRenamer$BlockRenamer.addMapping(ILcom/android/dx/rop/code/RegisterSpec;)V @ 66
Event: 5.984 Thread 0x00000000005bf000 Uncommon trap: reason=unstable_if action=reinterpret pc=0x000000000282ed1c method=com.android.dx.ssa.SsaRenamer.getLocalForNewReg(I)Lcom/android/dx/rop/code/LocalItem; @ 8
Event: 5.995 Thread 0x00000000005bf000 Uncommon trap: reason=class_check action=maybe_recompile pc=0x00000000027fd49c method=com.android.dx.ssa.back.LivenessAnalyzer.liveOutAtStatement()V @ 14
Event: 6.009 Thread 0x00000000005bf000 Uncommon trap: reason=class_check action=maybe_recompile pc=0x00000000027fd49c method=com.android.dx.ssa.back.LivenessAnalyzer.liveOutAtStatement()V @ 14
Event: 6.084 Thread 0x00000000005bf000 Uncommon trap: reason=unstable_if action=reinterpret pc=0x00000000027c3f00 method=com.android.dx.ssa.NormalSsaInsn.getLocalAssignment()Lcom/android/dx/rop/code/RegisterSpec; @ 12
Event: 6.084 Thread 0x00000000005bf000 Uncommon trap: reason=unstable_if action=reinterpret pc=0x00000000027ca518 method=com.android.dx.ssa.NormalSsaInsn.getLocalAssignment()Lcom/android/dx/rop/code/RegisterSpec; @ 12
Event: 6.084 Thread 0x00000000005bf000 Uncommon trap: reason=unstable_if action=reinterpret pc=0x000000000273f7e0 method=com.android.dx.ssa.NormalSsaInsn.getLocalAssignment()Lcom/android/dx/rop/code/RegisterSpec; @ 12
Event: 6.091 Thread 0x00000000005bf000 Uncommon trap: reason=class_check action=maybe_recompile pc=0x00000000027fd49c method=com.android.dx.ssa.back.LivenessAnalyzer.liveOutAtStatement()V @ 14
Event: 6.091 Thread 0x00000000005bf000 Uncommon trap: reason=class_check action=maybe_recompile pc=0x00000000027fd49c method=com.android.dx.ssa.back.LivenessAnalyzer.liveOutAtStatement()V @ 14

Internal exceptions (2 events):
Event: 0.264 Thread 0x00000000005bf000 Exception <a 'java/lang/NoSuchMethodError': Method sun.misc.Unsafe.defineClass(Ljava/lang/String;[BII)Ljava/lang/Class; name or signature does not match> (0x00000000eab0d1d8) thrown at [D:\re\puppet\workspace\8-2-build-windows-amd64-cygwin\jdk8u73\6086\hotLwŸP‰–?
Event: 0.264 Thread 0x00000000005bf000 Exception <a 'java/lang/NoSuchMethodError': Method sun.misc.Unsafe.prefetchRead(Ljava/lang/Object;J)V name or signature does not match> (0x00000000eab0d4c0) thrown at [D:\re\puppet\workspace\8-2-build-windows-amd64-cygwin\jdk8u73\6086\hotspot\src\share\vm\

Events (10 events):
Event: 6.084 Thread 0x00000000005bf000 DEOPT PACKING pc=0x000000000273f7e0 sp=0x000000000218dfc0
Event: 6.084 Thread 0x00000000005bf000 DEOPT UNPACKING pc=0x00000000024a582a sp=0x000000000218df50 mode 2
Event: 6.091 Thread 0x00000000005bf000 Uncommon trap: trap_request=0xffffffde fr.pc=0x00000000027fd49c
Event: 6.091 Thread 0x00000000005bf000 DEOPT PACKING pc=0x00000000027fd49c sp=0x000000000218e130
Event: 6.091 Thread 0x00000000005bf000 DEOPT UNPACKING pc=0x00000000024a582a sp=0x000000000218e0e8 mode 2
Event: 6.091 Thread 0x00000000005bf000 Uncommon trap: trap_request=0xffffffde fr.pc=0x00000000027fd49c
Event: 6.091 Thread 0x00000000005bf000 DEOPT PACKING pc=0x00000000027fd49c sp=0x000000000218e130
Event: 6.091 Thread 0x00000000005bf000 DEOPT UNPACKING pc=0x00000000024a582a sp=0x000000000218e0e8 mode 2
Event: 6.097 loading class com/android/dx/dex/file/MethodAnnotationStruct
Event: 6.097 loading class com/android/dx/dex/file/MethodAnnotationStruct done


Dynamic libraries:
0x000000013f8f0000 - 0x000000013f927000 	C:\Program Files\Java\jdk1.8.0_73\bin\java.exe
0x00000000771c0000 - 0x000000007736a000 	C:\Windows\SYSTEM32\ntdll.dll
0x00000000770a0000 - 0x00000000771bf000 	C:\Windows\system32\kernel32.dll
0x000007fefcf60000 - 0x000007fefcfca000 	C:\Windows\system32\KERNELBASE.dll
0x000007fefef40000 - 0x000007feff01b000 	C:\Windows\system32\ADVAPI32.dll
0x000007fefd820000 - 0x000007fefd8bf000 	C:\Windows\system32\msvcrt.dll
0x000007fefd5c0000 - 0x000007fefd5df000 	C:\Windows\SYSTEM32\sechost.dll
0x000007fefe9e0000 - 0x000007fefeb0d000 	C:\Windows\system32\RPCRT4.dll
0x0000000076fa0000 - 0x000000007709a000 	C:\Windows\system32\USER32.dll
0x000007fefeed0000 - 0x000007fefef37000 	C:\Windows\system32\GDI32.dll
0x000007fefd5b0000 - 0x000007fefd5be000 	C:\Windows\system32\LPK.dll
0x000007fefd410000 - 0x000007fefd4da000 	C:\Windows\system32\USP10.dll
0x000007fefb400000 - 0x000007fefb5f4000 	C:\Windows\WinSxS\amd64_microsoft.windows.common-controls_6595b64144ccf1df_6.0.7601.18837_none_fa3b1e3d17594757\COMCTL32.dll
0x000007fefd5f0000 - 0x000007fefd661000 	C:\Windows\system32\SHLWAPI.dll
0x000007fefd4e0000 - 0x000007fefd50e000 	C:\Windows\system32\IMM32.DLL
0x000007fefd300000 - 0x000007fefd409000 	C:\Windows\system32\MSCTF.dll
0x00000000718f0000 - 0x00000000719c2000 	C:\Program Files\Java\jdk1.8.0_73\jre\bin\msvcr100.dll
0x0000000054770000 - 0x0000000055000000 	C:\Program Files\Java\jdk1.8.0_73\jre\bin\server\jvm.dll
0x000007fef8000000 - 0x000007fef8009000 	C:\Windows\system32\WSOCK32.dll
0x000007fefed20000 - 0x000007fefed6d000 	C:\Windows\system32\WS2_32.dll
0x000007fefd5e0000 - 0x000007fefd5e8000 	C:\Windows\system32\NSI.dll
0x000007fefa170000 - 0x000007fefa1ab000 	C:\Windows\system32\WINMM.dll
0x000007fefbfd0000 - 0x000007fefbfdc000 	C:\Windows\system32\VERSION.dll
0x0000000077390000 - 0x0000000077397000 	C:\Windows\system32\PSAPI.DLL
0x0000000071380000 - 0x000000007138f000 	C:\Program Files\Java\jdk1.8.0_73\jre\bin\verify.dll
0x000000006d6d0000 - 0x000000006d6f9000 	C:\Program Files\Java\jdk1.8.0_73\jre\bin\java.dll
0x0000000069860000 - 0x0000000069876000 	C:\Program Files\Java\jdk1.8.0_73\jre\bin\zip.dll
0x000007fefd8c0000 - 0x000007fefe64c000 	C:\Windows\system32\SHELL32.dll
0x000007fefeb10000 - 0x000007fefed13000 	C:\Windows\system32\ole32.dll
0x000007fefcf40000 - 0x000007fefcf4f000 	C:\Windows\system32\profapi.dll

VM Arguments:
jvm_args: -Djava.awt.headless=true -Xmx1024M -Dfile.encoding=UTF-8 -Duser.country=US -Duser.language=en -Duser.variant 
java_command: com.android.dx.command.Main --dex --force-jumbo --multi-dex --output D:\practice\mvp\android-mvp-master\app\build\intermediates\transforms\dex\debug\folders\1000\5\slice_4 D:\practice\mvp\android-mvp-master\app\build\intermediates\transforms\instantRunSlicer\debug\folders\1\5\slice_4
java_class_path (initial): D:\sdk\AndroidStudio\build-tools\21.1.2\lib\dx.jar
Launcher Type: SUN_STANDARD

Environment Variables:
JAVA_HOME=C:\Program Files\Java\jdk1.8.0_73
CLASSPATH=D:\Android\sdk\platforms\android-21;D:\GitProject\BUCKHORN\BuckhornApp\app\src\main\java
PATH=C:\RailsInstaller\Ruby2.1.0\bin;C:\ProgramData\Oracle\Java\javapath;C:\Program Files\Common Files\Microsoft Shared\Microsoft Online Services;C:\Program Files (x86)\Common Files\Microsoft Shared\Microsoft Online Services;C:\Windows\system32;C:\Windows;C:\Windows\System32\Wbem;C:\Windows\System32\WindowsPowerShell\v1.0\;D:\Android\sdk\platform-tools;C:\Program Files\TortoiseGit\bin;D:\sdk\AndroidStudio\platform-tools;C:\RailsInstaller\Ruby2.1.0\bin;C:\Program Files\Java\jdk1.8.0_73;C:\Program Files\Java\jdk1.8.0_73\bin;
USERNAME=GUR38618
OS=Windows_NT
PROCESSOR_IDENTIFIER=Intel64 Family 6 Model 61 Stepping 4, GenuineIntel



---------------  S Y S T E M  ---------------

OS: Windows 7 , 64 bit Build 7601 (6.1.7601.23418)

CPU:total 4 (2 cores per cpu, 2 threads per core) family 6 model 61 stepping 4, cmov, cx8, fxsr, mmx, sse, sse2, sse3, ssse3, sse4.1, sse4.2, popcnt, avx, avx2, aes, clmul, erms, rtm, 3dnowpref, lzcnt, ht, tsc, tscinvbit, bmi1, bmi2, adx

Memory: 4k page, physical 8077556k(1862420k free), swap 8075696k(5916k free)

vm_info: Java HotSpot(TM) 64-Bit Server VM (25.73-b02) for windows-amd64 JRE (1.8.0_73-b02), built on Jan 29 2016 17:38:49 by "java_re" with MS VC++ 10.0 (VS2010)

time: Sat Aug 06 12:06:22 2016
elapsed time: 6 seconds (0d 0h 0m 6s)

