#
# There is insufficient memory for the Java Runtime Environment to continue.
# Native memory allocation (malloc) failed to allocate 8192 bytes for AllocateHeap
# Possible reasons:
#   The system is out of physical RAM or swap space
#   In 32 bit mode, the process size limit was hit
# Possible solutions:
#   Reduce memory load on the system
#   Increase physical memory or swap space
#   Check if swap backing store is full
#   Use 64 bit Java on a 64 bit OS
#   Decrease Java heap size (-Xmx/-Xms)
#   Decrease number of Java threads
#   Decrease Java thread stack sizes (-Xss)
#   Set larger code cache with -XX:ReservedCodeCacheSize=
# This output file may be truncated or incomplete.
#
#  Out of Memory Error (memory/allocation.inline.hpp:61), pid=6184, tid=6916
#
# JRE version: Java(TM) SE Runtime Environment (8.0_73-b02) (build 1.8.0_73-b02)
# Java VM: Java HotSpot(TM) 64-Bit Server VM (25.73-b02 mixed mode windows-amd64 compressed oops)
# Failed to write core dump. Minidumps are not enabled by default on client versions of Windows
#

---------------  T H R E A D  ---------------

Current thread (0x0000000001f4f000):  JavaThread "main" [_thread_in_vm, id=6916, stack(0x0000000002220000,0x0000000002320000)]

Stack: [0x0000000002220000,0x0000000002320000]
[error occurred during error reporting (printing stack bounds), id 0xc0000005]

Native frames: (J=compiled Java code, j=interpreted, Vv=VM code, C=native code)

Java frames: (J=compiled Java code, j=interpreted, Vv=VM code)
j  java.lang.Throwable.getStackTraceElement(I)Ljava/lang/StackTraceElement;+0
j  java.lang.Throwable.getOurStackTrace()[Ljava/lang/StackTraceElement;+51
j  java.lang.Throwable.printStackTrace(Ljava/lang/Throwable$PrintStreamOrWriter;)V+32
j  java.lang.Throwable.printStackTrace(Ljava/io/PrintStream;)V+9
j  java.lang.Throwable.printStackTrace()V+4
j  com.android.dx.command.Main.main([Ljava/lang/String;)V+208
v  ~StubRoutines::call_stub

---------------  P R O C E S S  ---------------

Java Threads: ( => current thread )
  0x0000000056bc9800 JavaThread "Service Thread" daemon [_thread_blocked, id=4448, stack(0x0000000057680000,0x0000000057780000)]
  0x0000000056bc9000 JavaThread "C1 CompilerThread2" daemon [_thread_blocked, id=7792, stack(0x0000000057550000,0x0000000057650000)]
  0x000000005469f000 JavaThread "C2 CompilerThread1" daemon [_thread_blocked, id=6336, stack(0x0000000057280000,0x0000000057380000)]
  0x0000000056b74800 JavaThread "C2 CompilerThread0" daemon [_thread_blocked, id=6748, stack(0x00000000573c0000,0x00000000574c0000)]
  0x0000000054693800 JavaThread "Attach Listener" daemon [_thread_blocked, id=3128, stack(0x0000000057180000,0x0000000057280000)]
  0x0000000054692000 JavaThread "Signal Dispatcher" daemon [_thread_blocked, id=3236, stack(0x0000000056fb0000,0x00000000570b0000)]
  0x0000000054637000 JavaThread "Finalizer" daemon [_thread_blocked, id=7348, stack(0x0000000056a70000,0x0000000056b70000)]
  0x0000000054630000 JavaThread "Reference Handler" daemon [_thread_blocked, id=7892, stack(0x0000000056800000,0x0000000056900000)]
=>0x0000000001f4f000 JavaThread "main" [_thread_in_vm, id=6916, stack(0x0000000002220000,0x0000000002320000)]

Other Threads:
  0x000000005462a800 VMThread [stack: 0x0000000056600000,0x0000000056700000] [id=7712]
  0x0000000056bd5000 WatcherThread [stack: 0x00000000577b0000,0x00000000578b0000] [id=7804]

VM state:not at safepoint (normal execution)

VM Mutex/Monitor currently owned by a thread:  ([mutex/lock_event])
[0x0000000001f4d0a0] StringTable_lock - owner thread: 0x0000000001f4f000

Heap:
 PSYoungGen      total 36864K, used 5725K [0x00000000eab00000, 0x00000000ed400000, 0x0000000100000000)
  eden space 31744K, 18% used [0x00000000eab00000,0x00000000eb097440,0x00000000eca00000)
  from space 5120K, 0% used [0x00000000ecf00000,0x00000000ecf00000,0x00000000ed400000)
  to   space 5120K, 0% used [0x00000000eca00000,0x00000000eca00000,0x00000000ecf00000)
 ParOldGen       total 84992K, used 0K [0x00000000c0000000, 0x00000000c5300000, 0x00000000eab00000)
  object space 84992K, 0% used [0x00000000c0000000,0x00000000c0000000,0x00000000c5300000)
 Metaspace       used 3914K, capacity 5520K, committed 5760K, reserved 1056768K
  class space    used 443K, capacity 520K, committed 640K, reserved 1048576K

Card table byte_map: [0x00000000119b0000,0x0000000011bc0000] byte_map_base: 0x00000000113b0000

Marking Bits: (ParMarkBitMap*) 0x0000000054f80600
 Begin Bits: [0x00000000122a0000, 0x00000000132a0000)
 End Bits:   [0x00000000132a0000, 0x00000000142a0000)

Polling page: 0x0000000000100000

CodeCache: size=245760Kb used=1382Kb max_used=1382Kb free=244377Kb
 bounds [0x00000000025f0000, 0x0000000002860000, 0x00000000115f0000]
 total_blobs=395 nmethods=146 adapters=162
 compilation: enabled

Compilation events (10 events):
Event: 4.342 Thread 0x0000000056bc9000  142       3       java.lang.String::toCharArray (25 bytes)
Event: 4.343 Thread 0x0000000056bc9000 nmethod 142 0x0000000002746650 code [0x00000000027467c0, 0x0000000002746a48]
Event: 4.343 Thread 0x0000000056bc9000  143       3       java.nio.charset.CharsetEncoder::maxBytesPerChar (5 bytes)
Event: 4.343 Thread 0x0000000056bc9000 nmethod 143 0x0000000002746350 code [0x00000000027464a0, 0x00000000027465f0]
Event: 4.343 Thread 0x0000000056bc9000  144       3       java.util.zip.ZipFile::ensureOpen (37 bytes)
Event: 4.344 Thread 0x0000000056bc9000 nmethod 144 0x0000000002745d10 code [0x0000000002745ea0, 0x00000000027461f8]
Event: 4.344 Thread 0x0000000056bc9000  145       3       java.util.zip.ZipCoder::getBytes (192 bytes)
Event: 4.352 Thread 0x0000000056bc9000 nmethod 145 0x0000000002747310 code [0x00000000027476c0, 0x0000000002749938]
Event: 4.352 Thread 0x0000000056bc9000  146       3       java.util.zip.ZipCoder::encoder (35 bytes)
Event: 4.354 Thread 0x0000000056bc9000 nmethod 146 0x0000000002745390 code [0x0000000002745520, 0x0000000002745b68]

GC Heap History (0 events):
No events

Deoptimization events (0 events):
No events

Internal exceptions (4 events):
Event: 1.019 Thread 0x0000000001f4f000 Exception <a 'java/lang/NoSuchMethodError': Method sun.misc.Unsafe.defineClass(Ljava/lang/String;[BII)Ljava/lang/Class; name or signature does not match> (0x00000000eab0d4d0) thrown at [D:\re\puppet\workspace\8-2-build-windows-amd64-cygwin\jdk8u73\6086\hot2›mtMð?
Event: 1.019 Thread 0x0000000001f4f000 Exception <a 'java/lang/NoSuchMethodError': Method sun.misc.Unsafe.prefetchRead(Ljava/lang/Object;J)V name or signature does not match> (0x00000000eab0d7b8) thrown at [D:\re\puppet\workspace\8-2-build-windows-amd64-cygwin\jdk8u73\6086\hotspot\src\share\vm\
Event: 4.367 Thread 0x0000000001f4f000 Exception <a 'java/lang/OutOfMemoryError'> (0x00000000eb016270) thrown at [D:\re\puppet\workspace\8-2-build-windows-amd64-cygwin\jdk8u73\6086\hotspot\src\share\vm\prims\jni.cpp, line 735]
Event: 4.367 Thread 0x0000000001f4f000 Exception <a 'java/lang/OutOfMemoryError'> (0x00000000eb016270) thrown at [D:\re\puppet\workspace\8-2-build-windows-amd64-cygwin\jdk8u73\6086\hotspot\src\share\vm\prims\jvm.cpp, line 1390]

Events (10 events):
Event: 4.367 loading class java/security/PrivilegedActionException
Event: 4.367 loading class java/security/PrivilegedActionException done
Event: 4.368 loading class java/lang/Throwable$WrappedPrintStream
Event: 4.368 loading class java/lang/Throwable$PrintStreamOrWriter
Event: 4.368 loading class java/lang/Throwable$PrintStreamOrWriter done
Event: 4.368 loading class java/lang/Throwable$WrappedPrintStream done
Event: 4.368 loading class java/util/IdentityHashMap
Event: 4.369 loading class java/util/IdentityHashMap done
Event: 4.369 loading class java/util/IdentityHashMap$KeySet
Event: 4.370 loading class java/util/IdentityHashMap$KeySet done


Dynamic libraries:
0x000000013f8f0000 - 0x000000013f927000 	C:\Program Files\Java\jdk1.8.0_73\bin\java.exe
0x00000000771c0000 - 0x000000007736a000 	C:\Windows\SYSTEM32\ntdll.dll
0x00000000770a0000 - 0x00000000771bf000 	C:\Windows\system32\kernel32.dll
0x000007fefcf60000 - 0x000007fefcfca000 	C:\Windows\system32\KERNELBASE.dll
0x000007fefef40000 - 0x000007feff01b000 	C:\Windows\system32\ADVAPI32.dll
0x000007fefd820000 - 0x000007fefd8bf000 	C:\Windows\system32\msvcrt.dll
0x000007fefd5c0000 - 0x000007fefd5df000 	C:\Windows\SYSTEM32\sechost.dll
0x000007fefe9e0000 - 0x000007fefeb0d000 	C:\Windows\system32\RPCRT4.dll
0x0000000076fa0000 - 0x000000007709a000 	C:\Windows\system32\USER32.dll
0x000007fefeed0000 - 0x000007fefef37000 	C:\Windows\system32\GDI32.dll
0x000007fefd5b0000 - 0x000007fefd5be000 	C:\Windows\system32\LPK.dll
0x000007fefd410000 - 0x000007fefd4da000 	C:\Windows\system32\USP10.dll
0x000007fefb400000 - 0x000007fefb5f4000 	C:\Windows\WinSxS\amd64_microsoft.windows.common-controls_6595b64144ccf1df_6.0.7601.18837_none_fa3b1e3d17594757\COMCTL32.dll
0x000007fefd5f0000 - 0x000007fefd661000 	C:\Windows\system32\SHLWAPI.dll
0x000007fefd4e0000 - 0x000007fefd50e000 	C:\Windows\system32\IMM32.DLL
0x000007fefd300000 - 0x000007fefd409000 	C:\Windows\system32\MSCTF.dll
0x00000000718f0000 - 0x00000000719c2000 	C:\Program Files\Java\jdk1.8.0_73\jre\bin\msvcr100.dll
0x0000000054770000 - 0x0000000055000000 	C:\Program Files\Java\jdk1.8.0_73\jre\bin\server\jvm.dll
0x000007fef8000000 - 0x000007fef8009000 	C:\Windows\system32\WSOCK32.dll
0x000007fefed20000 - 0x000007fefed6d000 	C:\Windows\system32\WS2_32.dll
0x000007fefd5e0000 - 0x000007fefd5e8000 	C:\Windows\system32\NSI.dll
0x000007fefa170000 - 0x000007fefa1ab000 	C:\Windows\system32\WINMM.dll
0x000007fefbfd0000 - 0x000007fefbfdc000 	C:\Windows\system32\VERSION.dll
0x0000000077390000 - 0x0000000077397000 	C:\Windows\system32\PSAPI.DLL
0x0000000071380000 - 0x000000007138f000 	C:\Program Files\Java\jdk1.8.0_73\jre\bin\verify.dll
0x000000006d6d0000 - 0x000000006d6f9000 	C:\Program Files\Java\jdk1.8.0_73\jre\bin\java.dll
0x0000000069860000 - 0x0000000069876000 	C:\Program Files\Java\jdk1.8.0_73\jre\bin\zip.dll
0x000007fefd8c0000 - 0x000007fefe64c000 	C:\Windows\system32\SHELL32.dll
0x000007fefeb10000 - 0x000007fefed13000 	C:\Windows\system32\ole32.dll
0x000007fefcf40000 - 0x000007fefcf4f000 	C:\Windows\system32\profapi.dll

VM Arguments:
jvm_args: -Djava.awt.headless=true -Xmx1024M -Dfile.encoding=UTF-8 -Duser.country=US -Duser.language=en -Duser.variant 
java_command: com.android.dx.command.Main --dex --force-jumbo --multi-dex --output D:\practice\mvp\android-mvp-master\app\build\intermediates\transforms\dex\debug\folders\1000\5\slice_3 D:\practice\mvp\android-mvp-master\app\build\intermediates\transforms\instantRunSlicer\debug\folders\1\5\slice_3
java_class_path (initial): D:\sdk\AndroidStudio\build-tools\21.1.2\lib\dx.jar
Launcher Type: SUN_STANDARD

Environment Variables:
JAVA_HOME=C:\Program Files\Java\jdk1.8.0_73
CLASSPATH=D:\Android\sdk\platforms\android-21;D:\GitProject\BUCKHORN\BuckhornApp\app\src\main\java
PATH=C:\RailsInstaller\Ruby2.1.0\bin;C:\ProgramData\Oracle\Java\javapath;C:\Program Files\Common Files\Microsoft Shared\Microsoft Online Services;C:\Program Files (x86)\Common Files\Microsoft Shared\Microsoft Online Services;C:\Windows\system32;C:\Windows;C:\Windows\System32\Wbem;C:\Windows\System32\WindowsPowerShell\v1.0\;D:\Android\sdk\platform-tools;C:\Program Files\TortoiseGit\bin;D:\sdk\AndroidStudio\platform-tools;C:\RailsInstaller\Ruby2.1.0\bin;C:\Program Files\Java\jdk1.8.0_73;C:\Program Files\Java\jdk1.8.0_73\bin;
USERNAME=GUR38618
OS=Windows_NT
PROCESSOR_IDENTIFIER=Intel64 Family 6 Model 61 Stepping 4, GenuineIntel



---------------  S Y S T E M  ---------------

OS: Windows 7 , 64 bit Build 7601 (6.1.7601.23418)

CPU:total 4 (2 cores per cpu, 2 threads per core) family 6 model 61 stepping 4, cmov, cx8, fxsr, mmx, sse, sse2, sse3, ssse3, sse4.1, sse4.2, popcnt, avx, avx2, aes, clmul, erms, rtm, 3dnowpref, lzcnt, ht, tsc, tscinvbit, bmi1, bmi2, adx

Memory: 4k page, physical 8077556k(1874528k free), swap 8075696k(203256k free)

vm_info: Java HotSpot(TM) 64-Bit Server VM (25.73-b02) for windows-amd64 JRE (1.8.0_73-b02), built on Jan 29 2016 17:38:49 by "java_re" with MS VC++ 10.0 (VS2010)

time: Sat Aug 06 12:09:25 2016
elapsed time: 4 seconds (0d 0h 0m 4s)

