#
# There is insufficient memory for the Java Runtime Environment to continue.
# Native memory allocation (malloc) failed to allocate 32744 bytes for ChunkPool::allocate
# Possible reasons:
#   The system is out of physical RAM or swap space
#   In 32 bit mode, the process size limit was hit
# Possible solutions:
#   Reduce memory load on the system
#   Increase physical memory or swap space
#   Check if swap backing store is full
#   Use 64 bit Java on a 64 bit OS
#   Decrease Java heap size (-Xmx/-Xms)
#   Decrease number of Java threads
#   Decrease Java thread stack sizes (-Xss)
#   Set larger code cache with -XX:ReservedCodeCacheSize=
# This output file may be truncated or incomplete.
#
#  Out of Memory Error (allocation.cpp:273), pid=4816, tid=8060
#
# JRE version: Java(TM) SE Runtime Environment (8.0_73-b02) (build 1.8.0_73-b02)
# Java VM: Java HotSpot(TM) 64-Bit Server VM (25.73-b02 mixed mode windows-amd64 compressed oops)
# Failed to write core dump. Minidumps are not enabled by default on client versions of Windows
#

---------------  T H R E A D  ---------------

Current thread (0x0000000056b95000):  JavaThread "C2 CompilerThread1" daemon [_thread_in_native, id=8060, stack(0x00000000573d0000,0x00000000574d0000)]

Stack: [0x00000000573d0000,0x00000000574d0000]
[error occurred during error reporting (printing stack bounds), id 0xc0000005]

Native frames: (J=compiled Java code, j=interpreted, Vv=VM code, C=native code)


Current CompileTask:
C2:   2679  577       4       com.android.dx.util.Bits::clear (21 bytes)


---------------  P R O C E S S  ---------------

Java Threads: ( => current thread )
  0x0000000056b99000 JavaThread "Service Thread" daemon [_thread_blocked, id=8088, stack(0x0000000057720000,0x0000000057820000)]
  0x0000000056b96000 JavaThread "C1 CompilerThread2" daemon [_thread_in_native, id=8016, stack(0x00000000574f0000,0x00000000575f0000)]
=>0x0000000056b95000 JavaThread "C2 CompilerThread1" daemon [_thread_in_native, id=8060, stack(0x00000000573d0000,0x00000000574d0000)]
  0x00000000546f3800 JavaThread "C2 CompilerThread0" daemon [_thread_blocked, id=8172, stack(0x0000000057220000,0x0000000057320000)]
  0x00000000546f2000 JavaThread "Attach Listener" daemon [_thread_blocked, id=8052, stack(0x0000000056860000,0x0000000056960000)]
  0x0000000056b9c000 JavaThread "Signal Dispatcher" daemon [_thread_blocked, id=7868, stack(0x00000000570d0000,0x00000000571d0000)]
  0x0000000054691800 JavaThread "Finalizer" daemon [_thread_blocked, id=7300, stack(0x0000000056a90000,0x0000000056b90000)]
  0x0000000054690000 JavaThread "Reference Handler" daemon [_thread_blocked, id=7884, stack(0x0000000056970000,0x0000000056a70000)]
  0x0000000001faf000 JavaThread "main" [_thread_in_vm, id=7368, stack(0x0000000002190000,0x0000000002290000)]

Other Threads:
  0x000000005468a800 VMThread [stack: 0x0000000056700000,0x0000000056800000] [id=7644]
  0x0000000056b9b800 WatcherThread [stack: 0x0000000057870000,0x0000000057970000] [id=8028]

VM state:not at safepoint (normal execution)

VM Mutex/Monitor currently owned by a thread: None

Heap:
 PSYoungGen      total 36864K, used 10845K [0x00000000eab00000, 0x00000000ed400000, 0x0000000100000000)
  eden space 31744K, 34% used [0x00000000eab00000,0x00000000eb597488,0x00000000eca00000)
  from space 5120K, 0% used [0x00000000ecf00000,0x00000000ecf00000,0x00000000ed400000)
  to   space 5120K, 0% used [0x00000000eca00000,0x00000000eca00000,0x00000000ecf00000)
 ParOldGen       total 84992K, used 0K [0x00000000c0000000, 0x00000000c5300000, 0x00000000eab00000)
  object space 84992K, 0% used [0x00000000c0000000,0x00000000c0000000,0x00000000c5300000)
 Metaspace       used 5202K, capacity 6512K, committed 6784K, reserved 1056768K
  class space    used 560K, capacity 616K, committed 640K, reserved 1048576K

Card table byte_map: [0x0000000011920000,0x0000000011b30000] byte_map_base: 0x0000000011320000

Marking Bits: (ParMarkBitMap*) 0x0000000054f80600
 Begin Bits: [0x0000000012300000, 0x0000000013300000)
 End Bits:   [0x0000000013300000, 0x0000000014300000)

Polling page: 0x0000000000100000

CodeCache: size=245760Kb used=2107Kb max_used=2118Kb free=243652Kb
 bounds [0x0000000002560000, 0x00000000027d0000, 0x0000000011560000]
 total_blobs=817 nmethods=552 adapters=178
 compilation: enabled

Compilation events (10 events):
Event: 2.620 Thread 0x0000000056b95000  563       4       java.lang.String::compareTo (78 bytes)
Event: 2.621 Thread 0x00000000546f3800 nmethod 558 0x000000000276ab10 code [0x000000000276ac60, 0x000000000276afb8]
Event: 2.630 Thread 0x0000000056b95000 nmethod 563 0x000000000276a710 code [0x000000000276a860, 0x000000000276a9f8]
Event: 2.631 Thread 0x00000000546f3800  565       4       com.android.dx.rop.code.InsnList::get (9 bytes)
Event: 2.634 Thread 0x00000000546f3800 nmethod 565 0x0000000002771fd0 code [0x0000000002772120, 0x00000000027721f8]
Event: 2.645 Thread 0x0000000056b95000  569       4       java.util.BitSet::set (58 bytes)
Event: 2.650 Thread 0x0000000056b95000 nmethod 569 0x0000000002771c10 code [0x0000000002771d60, 0x0000000002771e78]
Event: 2.661 Thread 0x00000000546f3800  574       4       com.android.dx.ssa.NormalSsaInsn::accept (25 bytes)
Event: 2.666 Thread 0x00000000546f3800 nmethod 574 0x0000000002771850 code [0x00000000027719a0, 0x0000000002771a88]
Event: 2.675 Thread 0x0000000056b95000  577       4       com.android.dx.util.Bits::clear (21 bytes)

GC Heap History (0 events):
No events

Deoptimization events (1 events):
Event: 2.467 Thread 0x0000000001faf000 Uncommon trap: reason=unstable_if action=reinterpret pc=0x0000000002741ed4 method=java.util.HashMap.getNode(ILjava/lang/Object;)Ljava/util/HashMap$Node; @ 129

Internal exceptions (2 events):
Event: 0.381 Thread 0x0000000001faf000 Exception <a 'java/lang/NoSuchMethodError': Method sun.misc.Unsafe.defineClass(Ljava/lang/String;[BII)Ljava/lang/Class; name or signature does not match> (0x00000000eab0d570) thrown at [D:\re\puppet\workspace\8-2-build-windows-amd64-cygwin\jdk8u73\6086\hotïEJ	×gØ?
Event: 0.381 Thread 0x0000000001faf000 Exception <a 'java/lang/NoSuchMethodError': Method sun.misc.Unsafe.prefetchRead(Ljava/lang/Object;J)V name or signature does not match> (0x00000000eab0d858) thrown at [D:\re\puppet\workspace\8-2-build-windows-amd64-cygwin\jdk8u73\6086\hotspot\src\share\vm\

Events (10 events):
Event: 2.424 loading class java/util/HashMap$Values done
Event: 2.424 loading class java/util/HashMap$ValueIterator
Event: 2.424 loading class java/util/HashMap$ValueIterator done
Event: 2.467 Thread 0x0000000001faf000 Uncommon trap: trap_request=0xffffff65 fr.pc=0x0000000002741ed4
Event: 2.467 Thread 0x0000000001faf000 DEOPT PACKING pc=0x0000000002741ed4 sp=0x000000000228e3b0
Event: 2.467 Thread 0x0000000001faf000 DEOPT UNPACKING pc=0x00000000025a582a sp=0x000000000228e328 mode 2
Event: 2.483 loading class com/android/dx/ssa/back/FirstFitLocalCombiningAllocator$Multiset
Event: 2.483 loading class com/android/dx/ssa/back/FirstFitLocalCombiningAllocator$Multiset done
Event: 2.498 loading class java/util/DualPivotQuicksort
Event: 2.499 loading class java/util/DualPivotQuicksort done


Dynamic libraries:
0x000000013f8f0000 - 0x000000013f927000 	C:\Program Files\Java\jdk1.8.0_73\bin\java.exe
0x00000000771c0000 - 0x000000007736a000 	C:\Windows\SYSTEM32\ntdll.dll
0x00000000770a0000 - 0x00000000771bf000 	C:\Windows\system32\kernel32.dll
0x000007fefcf60000 - 0x000007fefcfca000 	C:\Windows\system32\KERNELBASE.dll
0x000007fefef40000 - 0x000007feff01b000 	C:\Windows\system32\ADVAPI32.dll
0x000007fefd820000 - 0x000007fefd8bf000 	C:\Windows\system32\msvcrt.dll
0x000007fefd5c0000 - 0x000007fefd5df000 	C:\Windows\SYSTEM32\sechost.dll
0x000007fefe9e0000 - 0x000007fefeb0d000 	C:\Windows\system32\RPCRT4.dll
0x0000000076fa0000 - 0x000000007709a000 	C:\Windows\system32\USER32.dll
0x000007fefeed0000 - 0x000007fefef37000 	C:\Windows\system32\GDI32.dll
0x000007fefd5b0000 - 0x000007fefd5be000 	C:\Windows\system32\LPK.dll
0x000007fefd410000 - 0x000007fefd4da000 	C:\Windows\system32\USP10.dll
0x000007fefb400000 - 0x000007fefb5f4000 	C:\Windows\WinSxS\amd64_microsoft.windows.common-controls_6595b64144ccf1df_6.0.7601.18837_none_fa3b1e3d17594757\COMCTL32.dll
0x000007fefd5f0000 - 0x000007fefd661000 	C:\Windows\system32\SHLWAPI.dll
0x000007fefd4e0000 - 0x000007fefd50e000 	C:\Windows\system32\IMM32.DLL
0x000007fefd300000 - 0x000007fefd409000 	C:\Windows\system32\MSCTF.dll
0x00000000718f0000 - 0x00000000719c2000 	C:\Program Files\Java\jdk1.8.0_73\jre\bin\msvcr100.dll
0x0000000054770000 - 0x0000000055000000 	C:\Program Files\Java\jdk1.8.0_73\jre\bin\server\jvm.dll
0x000007fef8000000 - 0x000007fef8009000 	C:\Windows\system32\WSOCK32.dll
0x000007fefed20000 - 0x000007fefed6d000 	C:\Windows\system32\WS2_32.dll
0x000007fefd5e0000 - 0x000007fefd5e8000 	C:\Windows\system32\NSI.dll
0x000007fefa170000 - 0x000007fefa1ab000 	C:\Windows\system32\WINMM.dll
0x000007fefbfd0000 - 0x000007fefbfdc000 	C:\Windows\system32\VERSION.dll
0x0000000077390000 - 0x0000000077397000 	C:\Windows\system32\PSAPI.DLL
0x0000000071380000 - 0x000000007138f000 	C:\Program Files\Java\jdk1.8.0_73\jre\bin\verify.dll
0x000000006d6d0000 - 0x000000006d6f9000 	C:\Program Files\Java\jdk1.8.0_73\jre\bin\java.dll
0x0000000069860000 - 0x0000000069876000 	C:\Program Files\Java\jdk1.8.0_73\jre\bin\zip.dll
0x000007fefd8c0000 - 0x000007fefe64c000 	C:\Windows\system32\SHELL32.dll
0x000007fefeb10000 - 0x000007fefed13000 	C:\Windows\system32\ole32.dll
0x000007fefcf40000 - 0x000007fefcf4f000 	C:\Windows\system32\profapi.dll

VM Arguments:
jvm_args: -Djava.awt.headless=true -Xmx1024M -Dfile.encoding=UTF-8 -Duser.country=US -Duser.language=en -Duser.variant 
java_command: com.android.dx.command.Main --dex --force-jumbo --multi-dex --output D:\practice\mvp\android-mvp-master\app\build\intermediates\transforms\dex\debug\folders\1000\10\com.jakewharton-butterknife-8.2.0_28c084068918ce9f59c8f2277cf38741d9b5fdc3 D:\practice\mvp\android-mvp-master\app\build\intermediates\exploded-aar\com.jakewharton\butterknife\8.2.0\jars\classes.jar
java_class_path (initial): D:\sdk\AndroidStudio\build-tools\21.1.2\lib\dx.jar
Launcher Type: SUN_STANDARD

Environment Variables:
JAVA_HOME=C:\Program Files\Java\jdk1.8.0_73
CLASSPATH=D:\Android\sdk\platforms\android-21;D:\GitProject\BUCKHORN\BuckhornApp\app\src\main\java
PATH=C:\RailsInstaller\Ruby2.1.0\bin;C:\ProgramData\Oracle\Java\javapath;C:\Program Files\Common Files\Microsoft Shared\Microsoft Online Services;C:\Program Files (x86)\Common Files\Microsoft Shared\Microsoft Online Services;C:\Windows\system32;C:\Windows;C:\Windows\System32\Wbem;C:\Windows\System32\WindowsPowerShell\v1.0\;D:\Android\sdk\platform-tools;C:\Program Files\TortoiseGit\bin;D:\sdk\AndroidStudio\platform-tools;C:\RailsInstaller\Ruby2.1.0\bin;C:\Program Files\Java\jdk1.8.0_73;C:\Program Files\Java\jdk1.8.0_73\bin;
USERNAME=GUR38618
OS=Windows_NT
PROCESSOR_IDENTIFIER=Intel64 Family 6 Model 61 Stepping 4, GenuineIntel



---------------  S Y S T E M  ---------------

OS: Windows 7 , 64 bit Build 7601 (6.1.7601.23418)

CPU:total 4 (2 cores per cpu, 2 threads per core) family 6 model 61 stepping 4, cmov, cx8, fxsr, mmx, sse, sse2, sse3, ssse3, sse4.1, sse4.2, popcnt, avx, avx2, aes, clmul, erms, rtm, 3dnowpref, lzcnt, ht, tsc, tscinvbit, bmi1, bmi2, adx

Memory: 4k page, physical 8077556k(1916632k free), swap 8075696k(5120k free)

vm_info: Java HotSpot(TM) 64-Bit Server VM (25.73-b02) for windows-amd64 JRE (1.8.0_73-b02), built on Jan 29 2016 17:38:49 by "java_re" with MS VC++ 10.0 (VS2010)

time: Sat Aug 06 12:06:41 2016
elapsed time: 2 seconds (0d 0h 0m 2s)

