#
# There is insufficient memory for the Java Runtime Environment to continue.
# Native memory allocation (malloc) failed to allocate 445216 bytes for Chunk::new
# Possible reasons:
#   The system is out of physical RAM or swap space
#   In 32 bit mode, the process size limit was hit
# Possible solutions:
#   Reduce memory load on the system
#   Increase physical memory or swap space
#   Check if swap backing store is full
#   Use 64 bit Java on a 64 bit OS
#   Decrease Java heap size (-Xmx/-Xms)
#   Decrease number of Java threads
#   Decrease Java thread stack sizes (-Xss)
#   Set larger code cache with -XX:ReservedCodeCacheSize=
# This output file may be truncated or incomplete.
#
#  Out of Memory Error (allocation.cpp:390), pid=4744, tid=7276
#
# JRE version: Java(TM) SE Runtime Environment (8.0_73-b02) (build 1.8.0_73-b02)
# Java VM: Java HotSpot(TM) 64-Bit Server VM (25.73-b02 mixed mode windows-amd64 compressed oops)
# Failed to write core dump. Minidumps are not enabled by default on client versions of Windows
#

---------------  T H R E A D  ---------------

Current thread (0x00000000559f4800):  JavaThread "C2 CompilerThread1" daemon [_thread_in_native, id=7276, stack(0x0000000056fe0000,0x00000000570e0000)]

Stack: [0x0000000056fe0000,0x00000000570e0000]
[error occurred during error reporting (printing stack bounds), id 0xc0000005]

Native frames: (J=compiled Java code, j=interpreted, Vv=VM code, C=native code)


Current CompileTask:
C2:   3535  820       4       com.android.dx.ssa.back.LivenessAnalyzer::handleTailRecursion (94 bytes)


---------------  P R O C E S S  ---------------

Java Threads: ( => current thread )
  0x00000000572e0000 JavaThread "Service Thread" daemon [_thread_blocked, id=7244, stack(0x0000000057730000,0x0000000057830000)]
  0x00000000559f5800 JavaThread "C1 CompilerThread2" daemon [_thread_blocked, id=7176, stack(0x0000000057180000,0x0000000057280000)]
=>0x00000000559f4800 JavaThread "C2 CompilerThread1" daemon [_thread_in_native, id=7276, stack(0x0000000056fe0000,0x00000000570e0000)]
  0x00000000559f2000 JavaThread "C2 CompilerThread0" daemon [_thread_in_native, id=7588, stack(0x00000000020c0000,0x00000000021c0000)]
  0x00000000559ff000 JavaThread "Attach Listener" daemon [_thread_blocked, id=8168, stack(0x0000000056e40000,0x0000000056f40000)]
  0x00000000559fe000 JavaThread "Signal Dispatcher" daemon [_thread_blocked, id=7300, stack(0x0000000056990000,0x0000000056a90000)]
  0x0000000055991800 JavaThread "Finalizer" daemon [_thread_blocked, id=5696, stack(0x0000000056ba0000,0x0000000056ca0000)]
  0x0000000055990000 JavaThread "Reference Handler" daemon [_thread_blocked, id=7560, stack(0x0000000056a90000,0x0000000056b90000)]
  0x0000000001f7f000 JavaThread "main" [_thread_in_Java, id=5340, stack(0x00000000021c0000,0x00000000022c0000)]

Other Threads:
  0x000000005598a800 VMThread [stack: 0x00000000567f0000,0x00000000568f0000] [id=7964]
  0x00000000572f0000 WatcherThread [stack: 0x0000000056d10000,0x0000000056e10000] [id=7160]

VM state:not at safepoint (normal execution)

VM Mutex/Monitor currently owned by a thread: None

Heap:
 PSYoungGen      total 36864K, used 16611K [0x00000000eab00000, 0x00000000ed400000, 0x0000000100000000)
  eden space 31744K, 52% used [0x00000000eab00000,0x00000000ebb38e30,0x00000000eca00000)
  from space 5120K, 0% used [0x00000000ecf00000,0x00000000ecf00000,0x00000000ed400000)
  to   space 5120K, 0% used [0x00000000eca00000,0x00000000eca00000,0x00000000ecf00000)
 ParOldGen       total 84992K, used 0K [0x00000000c0000000, 0x00000000c5300000, 0x00000000eab00000)
  object space 84992K, 0% used [0x00000000c0000000,0x00000000c0000000,0x00000000c5300000)
 Metaspace       used 5471K, capacity 6704K, committed 6784K, reserved 1056768K
  class space    used 560K, capacity 616K, committed 640K, reserved 1048576K

Card table byte_map: [0x0000000011950000,0x0000000011b60000] byte_map_base: 0x0000000011350000

Marking Bits: (ParMarkBitMap*) 0x0000000054f80600
 Begin Bits: [0x0000000012410000, 0x0000000013410000)
 End Bits:   [0x0000000013410000, 0x0000000014410000)

Polling page: 0x0000000000200000

CodeCache: size=245760Kb used=3638Kb max_used=3638Kb free=242121Kb
 bounds [0x0000000002590000, 0x0000000002920000, 0x0000000011590000]
 total_blobs=1136 nmethods=871 adapters=178
 compilation: enabled

Compilation events (10 events):
Event: 3.525 Thread 0x00000000559f5800 nmethod 894 0x000000000291a150 code [0x000000000291a3a0, 0x000000000291b328]
Event: 3.525 Thread 0x00000000559f5800  897       1       com.android.dx.cf.code.BasicBlocker::setPreviousOffset (6 bytes)
Event: 3.525 Thread 0x00000000559f5800 nmethod 897 0x000000000291b7d0 code [0x000000000291b920, 0x000000000291ba30]
Event: 3.525 Thread 0x00000000559f5800  898       3       com.android.dx.cf.code.Ropper::addOrReplaceBlock (66 bytes)
Event: 3.529 Thread 0x00000000559f5800 nmethod 898 0x000000000291ba90 code [0x000000000291bce0, 0x000000000291caf8]
Event: 3.529 Thread 0x00000000559f5800  900       3       com.android.dx.ssa.PhiInsn::accept (8 bytes)
Event: 3.529 Thread 0x00000000559f5800 nmethod 900 0x000000000291d390 code [0x000000000291d500, 0x000000000291d728]
Event: 3.529 Thread 0x00000000559f5800  896       3       com.android.dx.dex.code.FixedSizeInsn::<init> (8 bytes)
Event: 3.530 Thread 0x00000000559f5800 nmethod 896 0x000000000291d810 code [0x000000000291d980, 0x000000000291db08]
Event: 3.530 Thread 0x00000000559f5800  895       3       java.util.ArrayList::<init> (61 bytes)

GC Heap History (0 events):
No events

Deoptimization events (5 events):
Event: 3.100 Thread 0x0000000001f7f000 Uncommon trap: reason=class_check action=maybe_recompile pc=0x0000000002873154 method=com.android.dx.ssa.NormalSsaInsn.accept(Lcom/android/dx/ssa/SsaInsn$Visitor;)V @ 9
Event: 3.100 Thread 0x0000000001f7f000 Uncommon trap: reason=class_check action=maybe_recompile pc=0x0000000002805660 method=com.android.dx.ssa.NormalSsaInsn.accept(Lcom/android/dx/ssa/SsaInsn$Visitor;)V @ 9
Event: 3.100 Thread 0x0000000001f7f000 Uncommon trap: reason=class_check action=maybe_recompile pc=0x0000000002805660 method=com.android.dx.ssa.NormalSsaInsn.accept(Lcom/android/dx/ssa/SsaInsn$Visitor;)V @ 9
Event: 3.100 Thread 0x0000000001f7f000 Uncommon trap: reason=class_check action=maybe_recompile pc=0x0000000002805660 method=com.android.dx.ssa.NormalSsaInsn.accept(Lcom/android/dx/ssa/SsaInsn$Visitor;)V @ 9
Event: 3.484 Thread 0x0000000001f7f000 Uncommon trap: reason=null_check action=make_not_entrant pc=0x0000000002873918 method=com.android.dx.ssa.SsaRenamer.getLocalForNewReg(I)Lcom/android/dx/rop/code/LocalItem; @ 19

Internal exceptions (3 events):
Event: 0.145 Thread 0x0000000001f7f000 Exception <a 'java/lang/NoSuchMethodError': Method sun.misc.Unsafe.defineClass(Ljava/lang/String;[BII)Ljava/lang/Class; name or signature does not match> (0x00000000eab0d6d8) thrown at [D:\re\puppet\workspace\8-2-build-windows-amd64-cygwin\jdk8u73\6086\hot;¬÷IÅ Â?
Event: 0.146 Thread 0x0000000001f7f000 Exception <a 'java/lang/NoSuchMethodError': Method sun.misc.Unsafe.prefetchRead(Ljava/lang/Object;J)V name or signature does not match> (0x00000000eab0d9c0) thrown at [D:\re\puppet\workspace\8-2-build-windows-amd64-cygwin\jdk8u73\6086\hotspot\src\share\vm\ul‡zÞ@
Event: 3.484 Thread 0x0000000001f7f000 Implicit null exception at 0x0000000002871fe7 to 0x00000000028738cd

Events (10 events):
Event: 3.100 Thread 0x0000000001f7f000 DEOPT UNPACKING pc=0x00000000025d582a sp=0x00000000022be9d0 mode 2
Event: 3.100 Thread 0x0000000001f7f000 Uncommon trap: trap_request=0xffffffde fr.pc=0x0000000002805660
Event: 3.100 Thread 0x0000000001f7f000 DEOPT PACKING pc=0x0000000002805660 sp=0x00000000022bea30
Event: 3.100 Thread 0x0000000001f7f000 DEOPT UNPACKING pc=0x00000000025d582a sp=0x00000000022be9d0 mode 2
Event: 3.100 Thread 0x0000000001f7f000 Uncommon trap: trap_request=0xffffffde fr.pc=0x0000000002805660
Event: 3.100 Thread 0x0000000001f7f000 DEOPT PACKING pc=0x0000000002805660 sp=0x00000000022bea30
Event: 3.100 Thread 0x0000000001f7f000 DEOPT UNPACKING pc=0x00000000025d582a sp=0x00000000022be9d0 mode 2
Event: 3.484 Thread 0x0000000001f7f000 Uncommon trap: trap_request=0xfffffff4 fr.pc=0x0000000002873918
Event: 3.484 Thread 0x0000000001f7f000 DEOPT PACKING pc=0x0000000002873918 sp=0x00000000022bea50
Event: 3.484 Thread 0x0000000001f7f000 DEOPT UNPACKING pc=0x00000000025d582a sp=0x00000000022be8c8 mode 2


Dynamic libraries:
0x000000013f8f0000 - 0x000000013f927000 	C:\Program Files\Java\jdk1.8.0_73\bin\java.exe
0x00000000771c0000 - 0x000000007736a000 	C:\Windows\SYSTEM32\ntdll.dll
0x00000000770a0000 - 0x00000000771bf000 	C:\Windows\system32\kernel32.dll
0x000007fefcf60000 - 0x000007fefcfca000 	C:\Windows\system32\KERNELBASE.dll
0x000007fefef40000 - 0x000007feff01b000 	C:\Windows\system32\ADVAPI32.dll
0x000007fefd820000 - 0x000007fefd8bf000 	C:\Windows\system32\msvcrt.dll
0x000007fefd5c0000 - 0x000007fefd5df000 	C:\Windows\SYSTEM32\sechost.dll
0x000007fefe9e0000 - 0x000007fefeb0d000 	C:\Windows\system32\RPCRT4.dll
0x0000000076fa0000 - 0x000000007709a000 	C:\Windows\system32\USER32.dll
0x000007fefeed0000 - 0x000007fefef37000 	C:\Windows\system32\GDI32.dll
0x000007fefd5b0000 - 0x000007fefd5be000 	C:\Windows\system32\LPK.dll
0x000007fefd410000 - 0x000007fefd4da000 	C:\Windows\system32\USP10.dll
0x000007fefb400000 - 0x000007fefb5f4000 	C:\Windows\WinSxS\amd64_microsoft.windows.common-controls_6595b64144ccf1df_6.0.7601.18837_none_fa3b1e3d17594757\COMCTL32.dll
0x000007fefd5f0000 - 0x000007fefd661000 	C:\Windows\system32\SHLWAPI.dll
0x000007fefd4e0000 - 0x000007fefd50e000 	C:\Windows\system32\IMM32.DLL
0x000007fefd300000 - 0x000007fefd409000 	C:\Windows\system32\MSCTF.dll
0x00000000718f0000 - 0x00000000719c2000 	C:\Program Files\Java\jdk1.8.0_73\jre\bin\msvcr100.dll
0x0000000054770000 - 0x0000000055000000 	C:\Program Files\Java\jdk1.8.0_73\jre\bin\server\jvm.dll
0x000007fef8000000 - 0x000007fef8009000 	C:\Windows\system32\WSOCK32.dll
0x000007fefed20000 - 0x000007fefed6d000 	C:\Windows\system32\WS2_32.dll
0x000007fefd5e0000 - 0x000007fefd5e8000 	C:\Windows\system32\NSI.dll
0x000007fefa170000 - 0x000007fefa1ab000 	C:\Windows\system32\WINMM.dll
0x000007fefbfd0000 - 0x000007fefbfdc000 	C:\Windows\system32\VERSION.dll
0x0000000077390000 - 0x0000000077397000 	C:\Windows\system32\PSAPI.DLL
0x0000000071380000 - 0x000000007138f000 	C:\Program Files\Java\jdk1.8.0_73\jre\bin\verify.dll
0x000000006d6d0000 - 0x000000006d6f9000 	C:\Program Files\Java\jdk1.8.0_73\jre\bin\java.dll
0x0000000069860000 - 0x0000000069876000 	C:\Program Files\Java\jdk1.8.0_73\jre\bin\zip.dll
0x000007fefd8c0000 - 0x000007fefe64c000 	C:\Windows\system32\SHELL32.dll
0x000007fefeb10000 - 0x000007fefed13000 	C:\Windows\system32\ole32.dll
0x000007fefcf40000 - 0x000007fefcf4f000 	C:\Windows\system32\profapi.dll

VM Arguments:
jvm_args: -Djava.awt.headless=true -Xmx1024M -Dfile.encoding=UTF-8 -Duser.country=US -Duser.language=en -Duser.variant 
java_command: com.android.dx.command.Main --dex --force-jumbo --multi-dex --output D:\practice\mvp\android-mvp-master\app\build\intermediates\transforms\dex\debug\folders\1000\10\gson-2.7_315fb72355c507dcf699d70eb1d535673de49847 C:\Users\gur38618\.gradle\caches\modules-2\files-2.1\com.google.code.gson\gson\2.7\751f548c85fa49f330cecbb1875893f971b33c4e\gson-2.7.jar
java_class_path (initial): D:\sdk\AndroidStudio\build-tools\21.1.2\lib\dx.jar
Launcher Type: SUN_STANDARD

Environment Variables:
JAVA_HOME=C:\Program Files\Java\jdk1.8.0_73
CLASSPATH=D:\Android\sdk\platforms\android-21;D:\GitProject\BUCKHORN\BuckhornApp\app\src\main\java
PATH=C:\RailsInstaller\Ruby2.1.0\bin;C:\ProgramData\Oracle\Java\javapath;C:\Program Files\Common Files\Microsoft Shared\Microsoft Online Services;C:\Program Files (x86)\Common Files\Microsoft Shared\Microsoft Online Services;C:\Windows\system32;C:\Windows;C:\Windows\System32\Wbem;C:\Windows\System32\WindowsPowerShell\v1.0\;D:\Android\sdk\platform-tools;C:\Program Files\TortoiseGit\bin;D:\sdk\AndroidStudio\platform-tools;C:\RailsInstaller\Ruby2.1.0\bin;C:\Program Files\Java\jdk1.8.0_73;C:\Program Files\Java\jdk1.8.0_73\bin;
USERNAME=GUR38618
OS=Windows_NT
PROCESSOR_IDENTIFIER=Intel64 Family 6 Model 61 Stepping 4, GenuineIntel



---------------  S Y S T E M  ---------------

OS: Windows 7 , 64 bit Build 7601 (6.1.7601.23418)

CPU:total 4 (2 cores per cpu, 2 threads per core) family 6 model 61 stepping 4, cmov, cx8, fxsr, mmx, sse, sse2, sse3, ssse3, sse4.1, sse4.2, popcnt, avx, avx2, aes, clmul, erms, rtm, 3dnowpref, lzcnt, ht, tsc, tscinvbit, bmi1, bmi2, adx

Memory: 4k page, physical 8077556k(1789052k free), swap 8075696k(5132k free)

vm_info: Java HotSpot(TM) 64-Bit Server VM (25.73-b02) for windows-amd64 JRE (1.8.0_73-b02), built on Jan 29 2016 17:38:49 by "java_re" with MS VC++ 10.0 (VS2010)

time: Sat Aug 06 12:32:31 2016
elapsed time: 3 seconds (0d 0h 0m 3s)

