#
# There is insufficient memory for the Java Runtime Environment to continue.
# Native memory allocation (malloc) failed to allocate 1703456 bytes for Chunk::new
# Possible reasons:
#   The system is out of physical RAM or swap space
#   In 32 bit mode, the process size limit was hit
# Possible solutions:
#   Reduce memory load on the system
#   Increase physical memory or swap space
#   Check if swap backing store is full
#   Use 64 bit Java on a 64 bit OS
#   Decrease Java heap size (-Xmx/-Xms)
#   Decrease number of Java threads
#   Decrease Java thread stack sizes (-Xss)
#   Set larger code cache with -XX:ReservedCodeCacheSize=
# This output file may be truncated or incomplete.
#
#  Out of Memory Error (allocation.cpp:390), pid=9124, tid=8168
#
# JRE version: Java(TM) SE Runtime Environment (8.0_73-b02) (build 1.8.0_73-b02)
# Java VM: Java HotSpot(TM) 64-Bit Server VM (25.73-b02 mixed mode windows-amd64 compressed oops)
# Failed to write core dump. Minidumps are not enabled by default on client versions of Windows
#

---------------  T H R E A D  ---------------

Current thread (0x00000000560e3800):  JavaThread "C2 CompilerThread0" daemon [_thread_in_native, id=8168, stack(0x0000000056950000,0x0000000056a50000)]

Stack: [0x0000000056950000,0x0000000056a50000]
[error occurred during error reporting (printing stack bounds), id 0xc0000005]

Native frames: (J=compiled Java code, j=interpreted, Vv=VM code, C=native code)


Current CompileTask:
C2:   7330 1791   !   4       com.android.dx.cf.code.RopperMachine::run (1550 bytes)


---------------  P R O C E S S  ---------------

Java Threads: ( => current thread )
  0x000000005614a800 JavaThread "Service Thread" daemon [_thread_blocked, id=8120, stack(0x00000000564e0000,0x00000000565e0000)]
  0x00000000560e7800 JavaThread "C1 CompilerThread2" daemon [_thread_blocked, id=8032, stack(0x0000000055ed0000,0x0000000055fd0000)]
  0x00000000560e6800 JavaThread "C2 CompilerThread1" daemon [_thread_in_native, id=1124, stack(0x0000000056ae0000,0x0000000056be0000)]
=>0x00000000560e3800 JavaThread "C2 CompilerThread0" daemon [_thread_in_native, id=8168, stack(0x0000000056950000,0x0000000056a50000)]
  0x00000000560e0800 JavaThread "Attach Listener" daemon [_thread_blocked, id=9060, stack(0x0000000056790000,0x0000000056890000)]
  0x0000000054c02000 JavaThread "Signal Dispatcher" daemon [_thread_blocked, id=7504, stack(0x0000000056640000,0x0000000056740000)]
  0x0000000054ba1000 JavaThread "Finalizer" daemon [_thread_blocked, id=8576, stack(0x0000000055fe0000,0x00000000560e0000)]
  0x0000000054ba0000 JavaThread "Reference Handler" daemon [_thread_blocked, id=8592, stack(0x0000000055dc0000,0x0000000055ec0000)]
  0x00000000002ff000 JavaThread "main" [_thread_in_Java, id=7768, stack(0x0000000002040000,0x0000000002140000)]

Other Threads:
  0x0000000054b9a800 VMThread [stack: 0x0000000055c50000,0x0000000055d50000] [id=7656]
  0x0000000056154800 WatcherThread [stack: 0x0000000056c20000,0x0000000056d20000] [id=6892]

VM state:not at safepoint (normal execution)

VM Mutex/Monitor currently owned by a thread: None

Heap:
 PSYoungGen      total 132096K, used 25299K [0x00000000eab00000, 0x00000000fd700000, 0x0000000100000000)
  eden space 126976K, 15% used [0x00000000eab00000,0x00000000ebeb9b68,0x00000000f2700000)
  from space 5120K, 99% used [0x00000000f2700000,0x00000000f2bfb0d8,0x00000000f2c00000)
  to   space 26624K, 0% used [0x00000000fbd00000,0x00000000fbd00000,0x00000000fd700000)
 ParOldGen       total 84992K, used 44264K [0x00000000c0000000, 0x00000000c5300000, 0x00000000eab00000)
  object space 84992K, 52% used [0x00000000c0000000,0x00000000c2b3a3e0,0x00000000c5300000)
 Metaspace       used 6016K, capacity 7152K, committed 7296K, reserved 1056768K
  class space    used 565K, capacity 616K, committed 640K, reserved 1048576K

Card table byte_map: [0x00000000117d0000,0x00000000119e0000] byte_map_base: 0x00000000111d0000

Marking Bits: (ParMarkBitMap*) 0x000000005bbc0600
 Begin Bits: [0x0000000012010000, 0x0000000013010000)
 End Bits:   [0x0000000013010000, 0x0000000014010000)

Polling page: 0x0000000000310000

CodeCache: size=245760Kb used=8215Kb max_used=8230Kb free=237545Kb
 bounds [0x0000000002410000, 0x0000000002c30000, 0x0000000011410000]
 total_blobs=2080 nmethods=1815 adapters=178
 compilation: enabled

Compilation events (10 events):
Event: 7.229 Thread 0x00000000560e7800 1866       2       com.android.dx.rop.code.SwitchInsn::accept (8 bytes)
Event: 7.230 Thread 0x00000000560e7800 nmethod 1866 0x0000000002bce910 code [0x0000000002bcea80, 0x0000000002bcec08]
Event: 7.290 Thread 0x00000000560e7800 1868       2       com.android.dx.ssa.DeadCodeRemover$NoSideEffectVisitor::visitMoveInsn (22 bytes)
Event: 7.291 Thread 0x00000000560e7800 nmethod 1868 0x0000000002bdb550 code [0x0000000002bdb6c0, 0x0000000002bdb8b8]
Event: 7.296 Thread 0x00000000560e7800 1869       2       com.android.dx.ssa.ConstCollector$1::compare (13 bytes)
Event: 7.296 Thread 0x00000000560e7800 nmethod 1869 0x0000000002be7290 code [0x0000000002be7400, 0x0000000002be75c8]
Event: 7.299 Thread 0x00000000560e7800 1870       1       com.android.dx.cf.code.SwitchList::size (5 bytes)
Event: 7.299 Thread 0x00000000560e7800 nmethod 1870 0x0000000002bb7f10 code [0x0000000002bb8060, 0x0000000002bb8170]
Event: 7.303 Thread 0x00000000560e7800 1871       2       com.android.dx.cf.code.RopperMachine::jopToRopOpcode (1103 bytes)
Event: 7.305 Thread 0x00000000560e7800 nmethod 1871 0x0000000002be5bd0 code [0x0000000002be5e40, 0x0000000002be6bd8]

GC Heap History (10 events):
Event: 2.210 GC heap before
{Heap before GC invocations=1 (full 0):
 PSYoungGen      total 36864K, used 31744K [0x00000000eab00000, 0x00000000ed400000, 0x0000000100000000)
  eden space 31744K, 100% used [0x00000000eab00000,0x00000000eca00000,0x00000000eca00000)
  from space 5120K, 0% used [0x00000000ecf00000,0x00000000ecf00000,0x00000000ed400000)
  to   space 5120K, 0% used [0x00000000eca00000,0x00000000eca00000,0x00000000ecf00000)
 ParOldGen       total 84992K, used 0K [0x00000000c0000000, 0x00000000c5300000, 0x00000000eab00000)
  object space 84992K, 0% used [0x00000000c0000000,0x00000000c0000000,0x00000000c5300000)
 Metaspace       used 5735K, capacity 6960K, committed 7040K, reserved 1056768K
  class space    used 563K, capacity 616K, committed 640K, reserved 1048576K
Event: 2.441 GC heap after
Heap after GC invocations=1 (full 0):
 PSYoungGen      total 36864K, used 5098K [0x00000000eab00000, 0x00000000ef300000, 0x0000000100000000)
  eden space 31744K, 0% used [0x00000000eab00000,0x00000000eab00000,0x00000000eca00000)
  from space 5120K, 99% used [0x00000000eca00000,0x00000000ecefaab8,0x00000000ecf00000)
  to   space 5120K, 0% used [0x00000000eee00000,0x00000000eee00000,0x00000000ef300000)
 ParOldGen       total 84992K, used 1602K [0x00000000c0000000, 0x00000000c5300000, 0x00000000eab00000)
  object space 84992K, 1% used [0x00000000c0000000,0x00000000c01908e0,0x00000000c5300000)
 Metaspace       used 5735K, capacity 6960K, committed 7040K, reserved 1056768K
  class space    used 563K, capacity 616K, committed 640K, reserved 1048576K
}
Event: 3.275 GC heap before
{Heap before GC invocations=2 (full 0):
 PSYoungGen      total 36864K, used 36842K [0x00000000eab00000, 0x00000000ef300000, 0x0000000100000000)
  eden space 31744K, 100% used [0x00000000eab00000,0x00000000eca00000,0x00000000eca00000)
  from space 5120K, 99% used [0x00000000eca00000,0x00000000ecefaab8,0x00000000ecf00000)
  to   space 5120K, 0% used [0x00000000eee00000,0x00000000eee00000,0x00000000ef300000)
 ParOldGen       total 84992K, used 1602K [0x00000000c0000000, 0x00000000c5300000, 0x00000000eab00000)
  object space 84992K, 1% used [0x00000000c0000000,0x00000000c01908e0,0x00000000c5300000)
 Metaspace       used 5843K, capacity 7024K, committed 7296K, reserved 1056768K
  class space    used 564K, capacity 616K, committed 640K, reserved 1048576K
Event: 3.457 GC heap after
Heap after GC invocations=2 (full 0):
 PSYoungGen      total 68608K, used 5104K [0x00000000eab00000, 0x00000000ef300000, 0x0000000100000000)
  eden space 63488K, 0% used [0x00000000eab00000,0x00000000eab00000,0x00000000ee900000)
  from space 5120K, 99% used [0x00000000eee00000,0x00000000ef2fc2d8,0x00000000ef300000)
  to   space 5120K, 0% used [0x00000000ee900000,0x00000000ee900000,0x00000000eee00000)
 ParOldGen       total 84992K, used 4740K [0x00000000c0000000, 0x00000000c5300000, 0x00000000eab00000)
  object space 84992K, 5% used [0x00000000c0000000,0x00000000c04a1110,0x00000000c5300000)
 Metaspace       used 5843K, capacity 7024K, committed 7296K, reserved 1056768K
  class space    used 564K, capacity 616K, committed 640K, reserved 1048576K
}
Event: 4.708 GC heap before
{Heap before GC invocations=3 (full 0):
 PSYoungGen      total 68608K, used 68592K [0x00000000eab00000, 0x00000000ef300000, 0x0000000100000000)
  eden space 63488K, 100% used [0x00000000eab00000,0x00000000ee900000,0x00000000ee900000)
  from space 5120K, 99% used [0x00000000eee00000,0x00000000ef2fc2d8,0x00000000ef300000)
  to   space 5120K, 0% used [0x00000000ee900000,0x00000000ee900000,0x00000000eee00000)
 ParOldGen       total 84992K, used 4740K [0x00000000c0000000, 0x00000000c5300000, 0x00000000eab00000)
  object space 84992K, 5% used [0x00000000c0000000,0x00000000c04a1110,0x00000000c5300000)
 Metaspace       used 5915K, capacity 7088K, committed 7296K, reserved 1056768K
  class space    used 564K, capacity 616K, committed 640K, reserved 1048576K
Event: 4.748 GC heap after
Heap after GC invocations=3 (full 0):
 PSYoungGen      total 68608K, used 5107K [0x00000000eab00000, 0x00000000f3100000, 0x0000000100000000)
  eden space 63488K, 0% used [0x00000000eab00000,0x00000000eab00000,0x00000000ee900000)
  from space 5120K, 99% used [0x00000000ee900000,0x00000000eedfcc50,0x00000000eee00000)
  to   space 5120K, 0% used [0x00000000f2c00000,0x00000000f2c00000,0x00000000f3100000)
 ParOldGen       total 84992K, used 14666K [0x00000000c0000000, 0x00000000c5300000, 0x00000000eab00000)
  object space 84992K, 17% used [0x00000000c0000000,0x00000000c0e52848,0x00000000c5300000)
 Metaspace       used 5915K, capacity 7088K, committed 7296K, reserved 1056768K
  class space    used 564K, capacity 616K, committed 640K, reserved 1048576K
}
Event: 5.425 GC heap before
{Heap before GC invocations=4 (full 0):
 PSYoungGen      total 68608K, used 68595K [0x00000000eab00000, 0x00000000f3100000, 0x0000000100000000)
  eden space 63488K, 100% used [0x00000000eab00000,0x00000000ee900000,0x00000000ee900000)
  from space 5120K, 99% used [0x00000000ee900000,0x00000000eedfcc50,0x00000000eee00000)
  to   space 5120K, 0% used [0x00000000f2c00000,0x00000000f2c00000,0x00000000f3100000)
 ParOldGen       total 84992K, used 14666K [0x00000000c0000000, 0x00000000c5300000, 0x00000000eab00000)
  object space 84992K, 17% used [0x00000000c0000000,0x00000000c0e52848,0x00000000c5300000)
 Metaspace       used 6005K, capacity 7152K, committed 7296K, reserved 1056768K
  class space    used 565K, capacity 616K, committed 640K, reserved 1048576K
Event: 5.513 GC heap after
Heap after GC invocations=4 (full 0):
 PSYoungGen      total 132096K, used 5107K [0x00000000eab00000, 0x00000000f3100000, 0x0000000100000000)
  eden space 126976K, 0% used [0x00000000eab00000,0x00000000eab00000,0x00000000f2700000)
  from space 5120K, 99% used [0x00000000f2c00000,0x00000000f30fcf50,0x00000000f3100000)
  to   space 5120K, 0% used [0x00000000f2700000,0x00000000f2700000,0x00000000f2c00000)
 ParOldGen       total 84992K, used 24221K [0x00000000c0000000, 0x00000000c5300000, 0x00000000eab00000)
  object space 84992K, 28% used [0x00000000c0000000,0x00000000c17a7760,0x00000000c5300000)
 Metaspace       used 6005K, capacity 7152K, committed 7296K, reserved 1056768K
  class space    used 565K, capacity 616K, committed 640K, reserved 1048576K
}
Event: 6.918 GC heap before
{Heap before GC invocations=5 (full 0):
 PSYoungGen      total 132096K, used 132083K [0x00000000eab00000, 0x00000000f3100000, 0x0000000100000000)
  eden space 126976K, 100% used [0x00000000eab00000,0x00000000f2700000,0x00000000f2700000)
  from space 5120K, 99% used [0x00000000f2c00000,0x00000000f30fcf50,0x00000000f3100000)
  to   space 5120K, 0% used [0x00000000f2700000,0x00000000f2700000,0x00000000f2c00000)
 ParOldGen       total 84992K, used 24221K [0x00000000c0000000, 0x00000000c5300000, 0x00000000eab00000)
  object space 84992K, 28% used [0x00000000c0000000,0x00000000c17a7760,0x00000000c5300000)
 Metaspace       used 6013K, capacity 7152K, committed 7296K, reserved 1056768K
  class space    used 565K, capacity 616K, committed 640K, reserved 1048576K
Event: 7.159 GC heap after
Heap after GC invocations=5 (full 0):
 PSYoungGen      total 132096K, used 5100K [0x00000000eab00000, 0x00000000fd700000, 0x0000000100000000)
  eden space 126976K, 0% used [0x00000000eab00000,0x00000000eab00000,0x00000000f2700000)
  from space 5120K, 99% used [0x00000000f2700000,0x00000000f2bfb0d8,0x00000000f2c00000)
  to   space 26624K, 0% used [0x00000000fbd00000,0x00000000fbd00000,0x00000000fd700000)
 ParOldGen       total 84992K, used 44264K [0x00000000c0000000, 0x00000000c5300000, 0x00000000eab00000)
  object space 84992K, 52% used [0x00000000c0000000,0x00000000c2b3a3e0,0x00000000c5300000)
 Metaspace       used 6013K, capacity 7152K, committed 7296K, reserved 1056768K
  class space    used 565K, capacity 616K, committed 640K, reserved 1048576K
}

Deoptimization events (10 events):
Event: 5.040 Thread 0x00000000002ff000 Uncommon trap: reason=unstable_if action=reinterpret pc=0x00000000028604ec method=com.android.dx.util.IntList.binarysearch(I)I @ 105
Event: 5.048 Thread 0x00000000002ff000 Uncommon trap: reason=unstable_if action=reinterpret pc=0x000000000298bcb0 method=com.android.dx.ssa.MoveParamCombiner$1.visitNonMoveInsn(Lcom/android/dx/ssa/NormalSsaInsn;)V @ 27
Event: 5.086 Thread 0x00000000002ff000 Uncommon trap: reason=bimorphic action=maybe_recompile pc=0x0000000002b2e2d0 method=com.android.dx.cf.code.BytecodeArray.parseInstruction(ILcom/android/dx/cf/code/BytecodeArray$Visitor;)I @ 1501
Event: 5.086 Thread 0x00000000002ff000 Uncommon trap: reason=bimorphic action=maybe_recompile pc=0x0000000002b2e068 method=com.android.dx.cf.code.BytecodeArray.parseInstruction(ILcom/android/dx/cf/code/BytecodeArray$Visitor;)I @ 2135
Event: 5.086 Thread 0x00000000002ff000 Uncommon trap: reason=bimorphic action=maybe_recompile pc=0x0000000002b2e2d0 method=com.android.dx.cf.code.BytecodeArray.parseInstruction(ILcom/android/dx/cf/code/BytecodeArray$Visitor;)I @ 1501
Event: 5.087 Thread 0x00000000002ff000 Uncommon trap: reason=bimorphic action=maybe_recompile pc=0x0000000002b2e068 method=com.android.dx.cf.code.BytecodeArray.parseInstruction(ILcom/android/dx/cf/code/BytecodeArray$Visitor;)I @ 2135
Event: 5.098 Thread 0x00000000002ff000 Uncommon trap: reason=unstable_if action=reinterpret pc=0x0000000002a5b198 method=com.android.dx.ssa.SCCP.simulateStmt(Lcom/android/dx/ssa/SsaInsn;)V @ 59
Event: 7.190 Thread 0x00000000002ff000 Uncommon trap: reason=bimorphic action=maybe_recompile pc=0x0000000002ba1994 method=com.android.dx.cf.code.BytecodeArray.parseInstruction(ILcom/android/dx/cf/code/BytecodeArray$Visitor;)I @ 1161
Event: 7.190 Thread 0x00000000002ff000 Uncommon trap: reason=bimorphic action=maybe_recompile pc=0x0000000002ba1994 method=com.android.dx.cf.code.BytecodeArray.parseInstruction(ILcom/android/dx/cf/code/BytecodeArray$Visitor;)I @ 1161
Event: 7.302 Thread 0x00000000002ff000 Uncommon trap: reason=unstable_if action=reinterpret pc=0x0000000002bd0db4 method=com.android.dx.rop.cst.CstNat.equals(Ljava/lang/Object;)Z @ 25

Internal exceptions (4 events):
Event: 0.124 Thread 0x00000000002ff000 Exception <a 'java/lang/NoSuchMethodError': Method sun.misc.Unsafe.defineClass(Ljava/lang/String;[BII)Ljava/lang/Class; name or signature does not match> (0x00000000eab0d2f8) thrown at [D:\re\puppet\workspace\8-2-build-windows-amd64-cygwin\jdk8u73\6086\hotï1	ªîØ¿?
Event: 0.124 Thread 0x00000000002ff000 Exception <a 'java/lang/NoSuchMethodError': Method sun.misc.Unsafe.prefetchRead(Ljava/lang/Object;J)V name or signature does not match> (0x00000000eab0d5e0) thrown at [D:\re\puppet\workspace\8-2-build-windows-amd64-cygwin\jdk8u73\6086\hotspot\src\share\vm\ò%c‚@
Event: 2.759 Thread 0x00000000002ff000 Implicit null exception at 0x0000000002779d92 to 0x0000000002779e8a
Event: 4.795 Thread 0x00000000002ff000 Implicit null exception at 0x0000000002a9370f to 0x0000000002a94cb1

Events (10 events):
Event: 7.159 Executing VM operation: ParallelGCFailedAllocation done
Event: 7.190 Thread 0x00000000002ff000 Uncommon trap: trap_request=0xffffffc6 fr.pc=0x0000000002ba1994
Event: 7.190 Thread 0x00000000002ff000 DEOPT PACKING pc=0x0000000002ba1994 sp=0x000000000213e480
Event: 7.190 Thread 0x00000000002ff000 DEOPT UNPACKING pc=0x000000000245582a sp=0x000000000213e448 mode 2
Event: 7.190 Thread 0x00000000002ff000 Uncommon trap: trap_request=0xffffffc6 fr.pc=0x0000000002ba1994
Event: 7.190 Thread 0x00000000002ff000 DEOPT PACKING pc=0x0000000002ba1994 sp=0x000000000213e2e0
Event: 7.190 Thread 0x00000000002ff000 DEOPT UNPACKING pc=0x000000000245582a sp=0x000000000213e2a8 mode 2
Event: 7.302 Thread 0x00000000002ff000 Uncommon trap: trap_request=0xffffff65 fr.pc=0x0000000002bd0db4
Event: 7.302 Thread 0x00000000002ff000 DEOPT PACKING pc=0x0000000002bd0db4 sp=0x000000000213de60
Event: 7.302 Thread 0x00000000002ff000 DEOPT UNPACKING pc=0x000000000245582a sp=0x000000000213dd80 mode 2


Dynamic libraries:
0x000000013f430000 - 0x000000013f467000 	C:\Program Files\Java\jdk1.8.0_73\bin\java.exe
0x0000000077010000 - 0x00000000771ba000 	C:\Windows\SYSTEM32\ntdll.dll
0x0000000076ef0000 - 0x000000007700f000 	C:\Windows\system32\kernel32.dll
0x000007fefcdb0000 - 0x000007fefce1a000 	C:\Windows\system32\KERNELBASE.dll
0x000007fefe280000 - 0x000007fefe35b000 	C:\Windows\system32\ADVAPI32.dll
0x000007fefd450000 - 0x000007fefd4ef000 	C:\Windows\system32\msvcrt.dll
0x000007fefe6f0000 - 0x000007fefe70f000 	C:\Windows\SYSTEM32\sechost.dll
0x000007fefe360000 - 0x000007fefe48d000 	C:\Windows\system32\RPCRT4.dll
0x0000000076df0000 - 0x0000000076eea000 	C:\Windows\system32\USER32.dll
0x000007fefd150000 - 0x000007fefd1b7000 	C:\Windows\system32\GDI32.dll
0x000007fefe710000 - 0x000007fefe71e000 	C:\Windows\system32\LPK.dll
0x000007fefe830000 - 0x000007fefe8fa000 	C:\Windows\system32\USP10.dll
0x000007fefb250000 - 0x000007fefb444000 	C:\Windows\WinSxS\amd64_microsoft.windows.common-controls_6595b64144ccf1df_6.0.7601.18837_none_fa3b1e3d17594757\COMCTL32.dll
0x000007fefed40000 - 0x000007fefedb1000 	C:\Windows\system32\SHLWAPI.dll
0x000007fefed10000 - 0x000007fefed3e000 	C:\Windows\system32\IMM32.DLL
0x000007fefe720000 - 0x000007fefe829000 	C:\Windows\system32\MSCTF.dll
0x000000005da20000 - 0x000000005daf2000 	C:\Program Files\Java\jdk1.8.0_73\jre\bin\msvcr100.dll
0x000000005b3b0000 - 0x000000005bc40000 	C:\Program Files\Java\jdk1.8.0_73\jre\bin\server\jvm.dll
0x000007fef7ea0000 - 0x000007fef7ea9000 	C:\Windows\system32\WSOCK32.dll
0x000007fefef50000 - 0x000007fefef9d000 	C:\Windows\system32\WS2_32.dll
0x000007feff310000 - 0x000007feff318000 	C:\Windows\system32\NSI.dll
0x000007fefa5f0000 - 0x000007fefa62b000 	C:\Windows\system32\WINMM.dll
0x000007fefbe20000 - 0x000007fefbe2c000 	C:\Windows\system32\VERSION.dll
0x00000000771d0000 - 0x00000000771d7000 	C:\Windows\system32\PSAPI.DLL
0x0000000060f50000 - 0x0000000060f5f000 	C:\Program Files\Java\jdk1.8.0_73\jre\bin\verify.dll
0x0000000060f20000 - 0x0000000060f49000 	C:\Program Files\Java\jdk1.8.0_73\jre\bin\java.dll
0x0000000060f00000 - 0x0000000060f16000 	C:\Program Files\Java\jdk1.8.0_73\jre\bin\zip.dll
0x000007fefd4f0000 - 0x000007fefe27c000 	C:\Windows\system32\SHELL32.dll
0x000007fefe920000 - 0x000007fefeb23000 	C:\Windows\system32\ole32.dll
0x000007fefcda0000 - 0x000007fefcdaf000 	C:\Windows\system32\profapi.dll

VM Arguments:
jvm_args: -Djava.awt.headless=true -Xmx1024M -Dfile.encoding=UTF-8 -Duser.country=US -Duser.language=en -Duser.variant 
java_command: com.android.dx.command.Main --dex --force-jumbo --multi-dex --output C:\Users\gur38618\Desktop\training\android-mvp-master\app\build\intermediates\transforms\dex\debug\folders\1000\10\com.android.support-support-v4-22.0.0_5c026f6a6f85d98e9504733130359cd1ba8a8091 C:\Users\gur38618\Desktop\training\android-mvp-master\app\build\intermediates\exploded-aar\com.android.support\support-v4\22.0.0\jars\classes.jar
java_class_path (initial): D:\sdk\AndroidStudio\build-tools\21.1.2\lib\dx.jar
Launcher Type: SUN_STANDARD

Environment Variables:
JAVA_HOME=C:\Program Files\Java\jdk1.8.0_73
CLASSPATH=D:\Android\sdk\platforms\android-21;D:\GitProject\BUCKHORN\BuckhornApp\app\src\main\java
PATH=C:\RailsInstaller\Ruby2.1.0\bin;C:\ProgramData\Oracle\Java\javapath;C:\Program Files\Common Files\Microsoft Shared\Microsoft Online Services;C:\Program Files (x86)\Common Files\Microsoft Shared\Microsoft Online Services;C:\Windows\system32;C:\Windows;C:\Windows\System32\Wbem;C:\Windows\System32\WindowsPowerShell\v1.0\;D:\Android\sdk\platform-tools;C:\Program Files\TortoiseGit\bin;D:\sdk\AndroidStudio\platform-tools;C:\RailsInstaller\Ruby2.1.0\bin;C:\Program Files\Java\jdk1.8.0_73;C:\Program Files\Java\jdk1.8.0_73\bin;
USERNAME=gur38618
OS=Windows_NT
PROCESSOR_IDENTIFIER=Intel64 Family 6 Model 61 Stepping 4, GenuineIntel



---------------  S Y S T E M  ---------------

OS: Windows 7 , 64 bit Build 7601 (6.1.7601.23418)

CPU:total 4 (2 cores per cpu, 2 threads per core) family 6 model 61 stepping 4, cmov, cx8, fxsr, mmx, sse, sse2, sse3, ssse3, sse4.1, sse4.2, popcnt, avx, avx2, aes, clmul, erms, rtm, 3dnowpref, lzcnt, ht, tsc, tscinvbit, bmi1, bmi2, adx

Memory: 4k page, physical 8077556k(878268k free), swap 8075696k(6708k free)

vm_info: Java HotSpot(TM) 64-Bit Server VM (25.73-b02) for windows-amd64 JRE (1.8.0_73-b02), built on Jan 29 2016 17:38:49 by "java_re" with MS VC++ 10.0 (VS2010)

time: Thu Aug 04 17:36:28 2016
elapsed time: 7 seconds (0d 0h 0m 7s)

