#
# There is insufficient memory for the Java Runtime Environment to continue.
# Native memory allocation (malloc) failed to allocate 38176 bytes for Chunk::new
# Possible reasons:
#   The system is out of physical RAM or swap space
#   In 32 bit mode, the process size limit was hit
# Possible solutions:
#   Reduce memory load on the system
#   Increase physical memory or swap space
#   Check if swap backing store is full
#   Use 64 bit Java on a 64 bit OS
#   Decrease Java heap size (-Xmx/-Xms)
#   Decrease number of Java threads
#   Decrease Java thread stack sizes (-Xss)
#   Set larger code cache with -XX:ReservedCodeCacheSize=
# This output file may be truncated or incomplete.
#
#  Out of Memory Error (allocation.cpp:390), pid=7780, tid=8020
#
# JRE version: Java(TM) SE Runtime Environment (8.0_73-b02) (build 1.8.0_73-b02)
# Java VM: Java HotSpot(TM) 64-Bit Server VM (25.73-b02 mixed mode windows-amd64 compressed oops)
# Failed to write core dump. Minidumps are not enabled by default on client versions of Windows
#

---------------  T H R E A D  ---------------

Current thread (0x0000000056bd5800):  JavaThread "C2 CompilerThread0" daemon [_thread_in_native, id=8020, stack(0x0000000057360000,0x0000000057460000)]

Stack: [0x0000000057360000,0x0000000057460000]
[error occurred during error reporting (printing stack bounds), id 0xc0000005]

Native frames: (J=compiled Java code, j=interpreted, Vv=VM code, C=native code)


Current CompileTask:
C2:   1663  134       4       java.lang.String::startsWith (72 bytes)


---------------  P R O C E S S  ---------------

Java Threads: ( => current thread )
  0x0000000056c3a800 JavaThread "Service Thread" daemon [_thread_blocked, id=8096, stack(0x00000000578c0000,0x00000000579c0000)]
  0x00000000544be000 JavaThread "C1 CompilerThread2" daemon [_thread_blocked, id=7068, stack(0x00000000576e0000,0x00000000577e0000)]
  0x0000000056c1f000 JavaThread "C2 CompilerThread1" daemon [_thread_blocked, id=3208, stack(0x00000000574e0000,0x00000000575e0000)]
=>0x0000000056bd5800 JavaThread "C2 CompilerThread0" daemon [_thread_in_native, id=8020, stack(0x0000000057360000,0x0000000057460000)]
  0x0000000056bd0800 JavaThread "Attach Listener" daemon [_thread_blocked, id=7160, stack(0x0000000056fd0000,0x00000000570d0000)]
  0x00000000544b4000 JavaThread "Signal Dispatcher" daemon [_thread_blocked, id=7456, stack(0x0000000057120000,0x0000000057220000)]
  0x0000000054451800 JavaThread "Finalizer" daemon [_thread_blocked, id=4596, stack(0x0000000056ad0000,0x0000000056bd0000)]
  0x0000000054450000 JavaThread "Reference Handler" daemon [_thread_blocked, id=8036, stack(0x00000000568f0000,0x00000000569f0000)]
  0x00000000000ff000 JavaThread "main" [_thread_in_vm, id=2712, stack(0x0000000002100000,0x0000000002200000)]

Other Threads:
  0x000000005444a800 VMThread [stack: 0x0000000056690000,0x0000000056790000] [id=8140]
  0x0000000056c49800 WatcherThread [stack: 0x0000000056790000,0x0000000056890000] [id=7768]

VM state:not at safepoint (normal execution)

VM Mutex/Monitor currently owned by a thread: None

Heap:
 PSYoungGen      total 36864K, used 3849K [0x00000000eab00000, 0x00000000ed400000, 0x0000000100000000)
  eden space 31744K, 12% used [0x00000000eab00000,0x00000000eaec2450,0x00000000eca00000)
  from space 5120K, 0% used [0x00000000ecf00000,0x00000000ecf00000,0x00000000ed400000)
  to   space 5120K, 0% used [0x00000000eca00000,0x00000000eca00000,0x00000000ecf00000)
 ParOldGen       total 84992K, used 0K [0x00000000c0000000, 0x00000000c5300000, 0x00000000eab00000)
  object space 84992K, 0% used [0x00000000c0000000,0x00000000c0000000,0x00000000c5300000)
 Metaspace       used 3473K, capacity 4944K, committed 5120K, reserved 1056768K
  class space    used 389K, capacity 456K, committed 512K, reserved 1048576K

Card table byte_map: [0x0000000011890000,0x0000000011aa0000] byte_map_base: 0x0000000011290000

Marking Bits: (ParMarkBitMap*) 0x0000000054f80600
 Begin Bits: [0x00000000120c0000, 0x00000000130c0000)
 End Bits:   [0x00000000130c0000, 0x00000000140c0000)

Polling page: 0x0000000000120000

CodeCache: size=245760Kb used=1322Kb max_used=1322Kb free=244437Kb
 bounds [0x00000000024d0000, 0x0000000002740000, 0x00000000114d0000]
 total_blobs=382 nmethods=134 adapters=161
 compilation: enabled

Compilation events (10 events):
Event: 1.630 Thread 0x00000000544be000 nmethod 128 0x0000000002618ad0 code [0x0000000002618c80, 0x00000000026192d8]
Event: 1.634 Thread 0x00000000544be000  130       3       com.android.dx.util.ByteArray::getUnsignedByte (14 bytes)
Event: 1.635 Thread 0x00000000544be000 nmethod 130 0x0000000002619a10 code [0x0000000002619b80, 0x0000000002619dc8]
Event: 1.641 Thread 0x00000000544be000  131       3       java.util.BitSet::wordIndex (5 bytes)
Event: 1.641 Thread 0x00000000544be000 nmethod 131 0x000000000261a110 code [0x000000000261a260, 0x000000000261a390]
Event: 1.641 Thread 0x00000000544be000  132       3       java.util.BitSet::checkInvariants (111 bytes)
Event: 1.641 Thread 0x00000000544be000 nmethod 132 0x000000000261a410 code [0x000000000261a560, 0x000000000261a6f0]
Event: 1.642 Thread 0x00000000544be000  133       3       java.lang.StringBuilder::toString (17 bytes)
Event: 1.643 Thread 0x00000000544be000 nmethod 133 0x000000000261a750 code [0x000000000261a8c0, 0x000000000261aaa8]
Event: 1.654 Thread 0x0000000056bd5800  134       4       java.lang.String::startsWith (72 bytes)

GC Heap History (0 events):
No events

Deoptimization events (0 events):
No events

Internal exceptions (2 events):
Event: 0.552 Thread 0x00000000000ff000 Exception <a 'java/lang/NoSuchMethodError': Method sun.misc.Unsafe.defineClass(Ljava/lang/String;[BII)Ljava/lang/Class; name or signature does not match> (0x00000000eab0d560) thrown at [D:\re\puppet\workspace\8-2-build-windows-amd64-cygwin\jdk8u73\6086\hotäbﬂ=Ø·?
Event: 0.553 Thread 0x00000000000ff000 Exception <a 'java/lang/NoSuchMethodError': Method sun.misc.Unsafe.prefetchRead(Ljava/lang/Object;J)V name or signature does not match> (0x00000000eab0d848) thrown at [D:\re\puppet\workspace\8-2-build-windows-amd64-cygwin\jdk8u73\6086\hotspot\src\share\vm\

Events (10 events):
Event: 1.651 loading class com/android/dx/cf/iface/StdField
Event: 1.651 loading class com/android/dx/cf/iface/StdField done
Event: 1.652 loading class com/android/dx/cf/iface/StdMember
Event: 1.652 loading class com/android/dx/cf/iface/StdMember done
Event: 1.654 loading class com/android/dx/cf/direct/MethodListParser
Event: 1.654 loading class com/android/dx/cf/direct/MethodListParser done
Event: 1.655 loading class com/android/dx/cf/iface/Method
Event: 1.655 loading class com/android/dx/cf/iface/Method done
Event: 1.656 loading class com/android/dx/cf/iface/StdMethodList
Event: 1.656 loading class com/android/dx/cf/iface/StdMethodList done


Dynamic libraries:
0x000000013f8f0000 - 0x000000013f927000 	C:\Program Files\Java\jdk1.8.0_73\bin\java.exe
0x00000000771c0000 - 0x000000007736a000 	C:\Windows\SYSTEM32\ntdll.dll
0x00000000770a0000 - 0x00000000771bf000 	C:\Windows\system32\kernel32.dll
0x000007fefcf60000 - 0x000007fefcfca000 	C:\Windows\system32\KERNELBASE.dll
0x000007fefef40000 - 0x000007feff01b000 	C:\Windows\system32\ADVAPI32.dll
0x000007fefd820000 - 0x000007fefd8bf000 	C:\Windows\system32\msvcrt.dll
0x000007fefd5c0000 - 0x000007fefd5df000 	C:\Windows\SYSTEM32\sechost.dll
0x000007fefe9e0000 - 0x000007fefeb0d000 	C:\Windows\system32\RPCRT4.dll
0x0000000076fa0000 - 0x000000007709a000 	C:\Windows\system32\USER32.dll
0x000007fefeed0000 - 0x000007fefef37000 	C:\Windows\system32\GDI32.dll
0x000007fefd5b0000 - 0x000007fefd5be000 	C:\Windows\system32\LPK.dll
0x000007fefd410000 - 0x000007fefd4da000 	C:\Windows\system32\USP10.dll
0x000007fefb400000 - 0x000007fefb5f4000 	C:\Windows\WinSxS\amd64_microsoft.windows.common-controls_6595b64144ccf1df_6.0.7601.18837_none_fa3b1e3d17594757\COMCTL32.dll
0x000007fefd5f0000 - 0x000007fefd661000 	C:\Windows\system32\SHLWAPI.dll
0x000007fefd4e0000 - 0x000007fefd50e000 	C:\Windows\system32\IMM32.DLL
0x000007fefd300000 - 0x000007fefd409000 	C:\Windows\system32\MSCTF.dll
0x00000000718f0000 - 0x00000000719c2000 	C:\Program Files\Java\jdk1.8.0_73\jre\bin\msvcr100.dll
0x0000000054770000 - 0x0000000055000000 	C:\Program Files\Java\jdk1.8.0_73\jre\bin\server\jvm.dll
0x000007fef8000000 - 0x000007fef8009000 	C:\Windows\system32\WSOCK32.dll
0x000007fefed20000 - 0x000007fefed6d000 	C:\Windows\system32\WS2_32.dll
0x000007fefd5e0000 - 0x000007fefd5e8000 	C:\Windows\system32\NSI.dll
0x000007fefa170000 - 0x000007fefa1ab000 	C:\Windows\system32\WINMM.dll
0x000007fefbfd0000 - 0x000007fefbfdc000 	C:\Windows\system32\VERSION.dll
0x0000000077390000 - 0x0000000077397000 	C:\Windows\system32\PSAPI.DLL
0x0000000071380000 - 0x000000007138f000 	C:\Program Files\Java\jdk1.8.0_73\jre\bin\verify.dll
0x000000006d6d0000 - 0x000000006d6f9000 	C:\Program Files\Java\jdk1.8.0_73\jre\bin\java.dll
0x0000000069860000 - 0x0000000069876000 	C:\Program Files\Java\jdk1.8.0_73\jre\bin\zip.dll
0x000007fefd8c0000 - 0x000007fefe64c000 	C:\Windows\system32\SHELL32.dll
0x000007fefeb10000 - 0x000007fefed13000 	C:\Windows\system32\ole32.dll
0x000007fefcf40000 - 0x000007fefcf4f000 	C:\Windows\system32\profapi.dll

VM Arguments:
jvm_args: -Djava.awt.headless=true -Xmx1024M -Dfile.encoding=UTF-8 -Duser.country=US -Duser.language=en -Duser.variant 
java_command: com.android.dx.command.Main --dex --force-jumbo --multi-dex --output D:\practice\mvp\android-mvp-master\app\build\intermediates\transforms\dex\debug\folders\1000\10\okio-1.8.0_c0e37405096fd12d5080de900a1138dee5832b38 C:\Users\gur38618\.gradle\caches\modules-2\files-2.1\com.squareup.okio\okio\1.8.0\5ea7af56cc7c567ed9856d99efb30740e9b17ff\okio-1.8.0.jar
java_class_path (initial): D:\sdk\AndroidStudio\build-tools\21.1.2\lib\dx.jar
Launcher Type: SUN_STANDARD

Environment Variables:



---------------  S Y S T E M  ---------------

OS: Windows 7 , 64 bit Build 7601 (6.1.7601.23418)

CPU:total 4 (2 cores per cpu, 2 threads per core) family 6 model 61 stepping 4, cmov, cx8, fxsr, mmx, sse, sse2, sse3, ssse3, sse4.1, sse4.2, popcnt, avx, avx2, aes, clmul, erms, rtm, 3dnowpref, lzcnt, ht, tsc, tscinvbit, bmi1, bmi2, adx

Memory: 4k page, physical 8077556k(1920284k free), swap 8075696k(5072k free)

vm_info: Java HotSpot(TM) 64-Bit Server VM (25.73-b02) for windows-amd64 JRE (1.8.0_73-b02), built on Jan 29 2016 17:38:49 by "java_re" with MS VC++ 10.0 (VS2010)

time: Sat Aug 06 12:06:51 2016
elapsed time: 1 seconds (0d 0h 0m 1s)

