#
# There is insufficient memory for the Java Runtime Environment to continue.
# Native memory allocation (malloc) failed to allocate 32744 bytes for ChunkPool::allocate
# Possible reasons:
#   The system is out of physical RAM or swap space
#   In 32 bit mode, the process size limit was hit
# Possible solutions:
#   Reduce memory load on the system
#   Increase physical memory or swap space
#   Check if swap backing store is full
#   Use 64 bit Java on a 64 bit OS
#   Decrease Java heap size (-Xmx/-Xms)
#   Decrease number of Java threads
#   Decrease Java thread stack sizes (-Xss)
#   Set larger code cache with -XX:ReservedCodeCacheSize=
# This output file may be truncated or incomplete.
#
#  Out of Memory Error (allocation.cpp:273), pid=7916, tid=4480
#
# JRE version: Java(TM) SE Runtime Environment (8.0_73-b02) (build 1.8.0_73-b02)
# Java VM: Java HotSpot(TM) 64-Bit Server VM (25.73-b02 mixed mode windows-amd64 compressed oops)
# Failed to write core dump. Minidumps are not enabled by default on client versions of Windows
#

---------------  T H R E A D  ---------------

Current thread (0x00000000543b5800):  JavaThread "C1 CompilerThread2" daemon [_thread_in_native, id=4480, stack(0x0000000056dd0000,0x0000000056ed0000)]

Stack: [0x0000000056dd0000,0x0000000056ed0000]
[error occurred during error reporting (printing stack bounds), id 0xc0000005]

Native frames: (J=compiled Java code, j=interpreted, Vv=VM code, C=native code)


Current CompileTask:
C1:   1667  202       3      
[error occurred during error reporting (printing current compile task), id 0xe0000001]


---------------  P R O C E S S  ---------------

Java Threads: ( => current thread )
  0x00000000543b8000 JavaThread "Service Thread" daemon [_thread_blocked, id=6244, stack(0x0000000057670000,0x0000000057770000)]
=>0x00000000543b5800 JavaThread "C1 CompilerThread2" daemon [_thread_in_native, id=4480, stack(0x0000000056dd0000,0x0000000056ed0000)]
  0x00000000543b4800 JavaThread "C2 CompilerThread1" daemon [_thread_blocked, id=7040, stack(0x0000000057090000,0x0000000057190000)]
  0x00000000543b2000 JavaThread "C2 CompilerThread0" daemon [_thread_blocked, id=5236, stack(0x0000000056f00000,0x0000000057000000)]
  0x00000000543bf000 JavaThread "Attach Listener" daemon [_thread_blocked, id=8124, stack(0x0000000056ca0000,0x0000000056da0000)]
  0x00000000543be000 JavaThread "Signal Dispatcher" daemon [_thread_blocked, id=5164, stack(0x0000000056ab0000,0x0000000056bb0000)]
  0x0000000054351800 JavaThread "Finalizer" daemon [_thread_blocked, id=6336, stack(0x0000000056920000,0x0000000056a20000)]
  0x0000000054350000 JavaThread "Reference Handler" daemon [_thread_blocked, id=7252, stack(0x0000000056760000,0x0000000056860000)]
  0x0000000001d6f000 JavaThread "main" [_thread_in_Java, id=8136, stack(0x0000000002130000,0x0000000002230000)]

Other Threads:
  0x000000005434a800 VMThread [stack: 0x00000000565c0000,0x00000000566c0000] [id=7232]
  0x0000000057208000 WatcherThread [stack: 0x00000000578d0000,0x00000000579d0000] [id=7008]

VM state:not at safepoint (normal execution)

VM Mutex/Monitor currently owned by a thread: None

Heap:
 PSYoungGen      total 36864K, used 4483K [0x00000000eab00000, 0x00000000ed400000, 0x0000000100000000)
  eden space 31744K, 14% used [0x00000000eab00000,0x00000000eaf60f08,0x00000000eca00000)
  from space 5120K, 0% used [0x00000000ecf00000,0x00000000ecf00000,0x00000000ed400000)
  to   space 5120K, 0% used [0x00000000eca00000,0x00000000eca00000,0x00000000ecf00000)
 ParOldGen       total 84992K, used 0K [0x00000000c0000000, 0x00000000c5300000, 0x00000000eab00000)
  object space 84992K, 0% used [0x00000000c0000000,0x00000000c0000000,0x00000000c5300000)
 Metaspace       used 3938K, capacity 5392K, committed 5760K, reserved 1056768K
  class space    used 439K, capacity 520K, committed 640K, reserved 1048576K

Card table byte_map: [0x00000000118c0000,0x0000000011ad0000] byte_map_base: 0x00000000112c0000

Marking Bits: (ParMarkBitMap*) 0x0000000054f80600
 Begin Bits: [0x0000000011fc0000, 0x0000000012fc0000)
 End Bits:   [0x0000000012fc0000, 0x0000000013fc0000)

Polling page: 0x0000000000300000

CodeCache: size=245760Kb used=1471Kb max_used=1471Kb free=244288Kb
 bounds [0x0000000002500000, 0x0000000002770000, 0x0000000011500000]
 total_blobs=456 nmethods=201 adapters=168
 compilation: enabled

Compilation events (10 events):
Event: 1.608 Thread 0x00000000543b5800 nmethod 194 0x00000000026689d0 code [0x0000000002668b40, 0x0000000002668dd8]
Event: 1.608 Thread 0x00000000543b5800  195       3       java.lang.Character::digit (10 bytes)
Event: 1.609 Thread 0x00000000543b5800 nmethod 195 0x000000000266f690 code [0x000000000266f800, 0x000000000266fa38]
Event: 1.618 Thread 0x00000000543b5800  197       3       com.android.dx.util.FixedSizeList::size (6 bytes)
Event: 1.619 Thread 0x00000000543b5800 nmethod 197 0x000000000266f350 code [0x000000000266f4a0, 0x000000000266f5f0]
Event: 1.619 Thread 0x00000000543b5800  196       3       java.lang.CharacterDataLatin1::digit (91 bytes)
Event: 1.620 Thread 0x00000000543b5800 nmethod 196 0x000000000266ecd0 code [0x000000000266ee40, 0x000000000266f1d0]
Event: 1.627 Thread 0x00000000543b5800  198       3       java.util.zip.ZipEntry::<init> (43 bytes)
Event: 1.627 Thread 0x00000000543b5800 nmethod 198 0x000000000266e8d0 code [0x000000000266ea20, 0x000000000266ec30]
Event: 1.645 Thread 0x00000000543b5800  202       3       java.util.zip.ZipEntry::setExtra0 (360 bytes)

GC Heap History (0 events):
No events

Deoptimization events (0 events):
No events

Internal exceptions (2 events):
Event: 0.357 Thread 0x0000000001d6f000 Exception <a 'java/lang/NoSuchMethodError': Method sun.misc.Unsafe.defineClass(Ljava/lang/String;[BII)Ljava/lang/Class; name or signature does not match> (0x00000000eab0d6f0) thrown at [D:\re\puppet\workspace\8-2-build-windows-amd64-cygwin\jdk8u73\6086\hot\Â¨£1‡÷?
Event: 0.357 Thread 0x0000000001d6f000 Exception <a 'java/lang/NoSuchMethodError': Method sun.misc.Unsafe.prefetchRead(Ljava/lang/Object;J)V name or signature does not match> (0x00000000eab0d9d8) thrown at [D:\re\puppet\workspace\8-2-build-windows-amd64-cygwin\jdk8u73\6086\hotspot\src\share\vm\

Events (10 events):
Event: 1.620 loading class com/android/dx/cf/code/ByteBlockList
Event: 1.620 loading class com/android/dx/cf/code/ByteBlockList done
Event: 1.621 loading class com/android/dx/util/LabeledList
Event: 1.621 loading class com/android/dx/util/LabeledList done
Event: 1.623 loading class com/android/dx/cf/code/RopperMachine
Event: 1.623 loading class com/android/dx/cf/code/RopperMachine done
Event: 1.625 loading class com/android/dx/cf/code/ValueAwareMachine
Event: 1.625 loading class com/android/dx/cf/code/ValueAwareMachine done
Event: 1.626 loading class com/android/dx/cf/code/BaseMachine
Event: 1.626 loading class com/android/dx/cf/code/BaseMachine done


Dynamic libraries:
0x000000013f8f0000 - 0x000000013f927000 	C:\Program Files\Java\jdk1.8.0_73\bin\java.exe
0x00000000771c0000 - 0x000000007736a000 	C:\Windows\SYSTEM32\ntdll.dll
0x00000000770a0000 - 0x00000000771bf000 	C:\Windows\system32\kernel32.dll
0x000007fefcf60000 - 0x000007fefcfca000 	C:\Windows\system32\KERNELBASE.dll
0x000007fefef40000 - 0x000007feff01b000 	C:\Windows\system32\ADVAPI32.dll
0x000007fefd820000 - 0x000007fefd8bf000 	C:\Windows\system32\msvcrt.dll
0x000007fefd5c0000 - 0x000007fefd5df000 	C:\Windows\SYSTEM32\sechost.dll
0x000007fefe9e0000 - 0x000007fefeb0d000 	C:\Windows\system32\RPCRT4.dll
0x0000000076fa0000 - 0x000000007709a000 	C:\Windows\system32\USER32.dll
0x000007fefeed0000 - 0x000007fefef37000 	C:\Windows\system32\GDI32.dll
0x000007fefd5b0000 - 0x000007fefd5be000 	C:\Windows\system32\LPK.dll
0x000007fefd410000 - 0x000007fefd4da000 	C:\Windows\system32\USP10.dll
0x000007fefb400000 - 0x000007fefb5f4000 	C:\Windows\WinSxS\amd64_microsoft.windows.common-controls_6595b64144ccf1df_6.0.7601.18837_none_fa3b1e3d17594757\COMCTL32.dll
0x000007fefd5f0000 - 0x000007fefd661000 	C:\Windows\system32\SHLWAPI.dll
0x000007fefd4e0000 - 0x000007fefd50e000 	C:\Windows\system32\IMM32.DLL
0x000007fefd300000 - 0x000007fefd409000 	C:\Windows\system32\MSCTF.dll
0x00000000718f0000 - 0x00000000719c2000 	C:\Program Files\Java\jdk1.8.0_73\jre\bin\msvcr100.dll
0x0000000054770000 - 0x0000000055000000 	C:\Program Files\Java\jdk1.8.0_73\jre\bin\server\jvm.dll
0x000007fef8000000 - 0x000007fef8009000 	C:\Windows\system32\WSOCK32.dll
0x000007fefed20000 - 0x000007fefed6d000 	C:\Windows\system32\WS2_32.dll
0x000007fefd5e0000 - 0x000007fefd5e8000 	C:\Windows\system32\NSI.dll
0x000007fefa170000 - 0x000007fefa1ab000 	C:\Windows\system32\WINMM.dll
0x000007fefbfd0000 - 0x000007fefbfdc000 	C:\Windows\system32\VERSION.dll
0x0000000077390000 - 0x0000000077397000 	C:\Windows\system32\PSAPI.DLL
0x0000000071380000 - 0x000000007138f000 	C:\Program Files\Java\jdk1.8.0_73\jre\bin\verify.dll
0x000000006d6d0000 - 0x000000006d6f9000 	C:\Program Files\Java\jdk1.8.0_73\jre\bin\java.dll
0x0000000069860000 - 0x0000000069876000 	C:\Program Files\Java\jdk1.8.0_73\jre\bin\zip.dll
0x000007fefd8c0000 - 0x000007fefe64c000 	C:\Windows\system32\SHELL32.dll
0x000007fefeb10000 - 0x000007fefed13000 	C:\Windows\system32\ole32.dll
0x000007fefcf40000 - 0x000007fefcf4f000 	C:\Windows\system32\profapi.dll

VM Arguments:
jvm_args: -Djava.awt.headless=true -Xmx1024M -Dfile.encoding=UTF-8 -Duser.country=US -Duser.language=en -Duser.variant 
java_command: com.android.dx.command.Main --dex --force-jumbo --multi-dex --output D:\practice\mvp\android-mvp-master\app\build\intermediates\transforms\dex\debug\folders\1000\10\okhttp-3.3.0_01443b5746d4ee20432da6102bcffceb032cf35b C:\Users\gur38618\.gradle\caches\modules-2\files-2.1\com.squareup.okhttp3\okhttp\3.3.0\2b802460eea20f8f2ad9c08c74e0f14718e88aa9\okhttp-3.3.0.jar
java_class_path (initial): D:\sdk\AndroidStudio\build-tools\21.1.2\lib\dx.jar
Launcher Type: SUN_STANDARD

Environment Variables:
JAVA_HOME=C:\Program Files\Java\jdk1.8.0_73
CLASSPATH=D:\Android\sdk\platforms\android-21;D:\GitProject\BUCKHORN\BuckhornApp\app\src\main\java
PATH=C:\RailsInstaller\Ruby2.1.0\bin;C:\ProgramData\Oracle\Java\javapath;C:\Program Files\Common Files\Microsoft Shared\Microsoft Online Services;C:\Program Files (x86)\Common Files\Microsoft Shared\Microsoft Online Services;C:\Windows\system32;C:\Windows;C:\Windows\System32\Wbem;C:\Windows\System32\WindowsPowerShell\v1.0\;D:\Android\sdk\platform-tools;C:\Program Files\TortoiseGit\bin;D:\sdk\AndroidStudio\platform-tools;C:\RailsInstaller\Ruby2.1.0\bin;C:\Program Files\Java\jdk1.8.0_73;C:\Program Files\Java\jdk1.8.0_73\bin;
USERNAME=GUR38618
OS=Windows_NT
PROCESSOR_IDENTIFIER=Intel64 Family 6 Model 61 Stepping 4, GenuineIntel



---------------  S Y S T E M  ---------------

OS: Windows 7 , 64 bit Build 7601 (6.1.7601.23418)

CPU:total 4 (2 cores per cpu, 2 threads per core) family 6 model 61 stepping 4, cmov, cx8, fxsr, mmx, sse, sse2, sse3, ssse3, sse4.1, sse4.2, popcnt, avx, avx2, aes, clmul, erms, rtm, 3dnowpref, lzcnt, ht, tsc, tscinvbit, bmi1, bmi2, adx

Memory: 4k page, physical 8077556k(1920280k free), swap 8075696k(5060k free)

vm_info: Java HotSpot(TM) 64-Bit Server VM (25.73-b02) for windows-amd64 JRE (1.8.0_73-b02), built on Jan 29 2016 17:38:49 by "java_re" with MS VC++ 10.0 (VS2010)

time: Sat Aug 06 12:06:51 2016
elapsed time: 1 seconds (0d 0h 0m 1s)

